[2025-04-18 21:29:33] local.ERROR: file_put_contents(C:\Cloned\SafeNest\SafeNest\storage\framework/sessions/sUtjmVXFK6VtDleOYTAV1ppoYnj2G81cz1CpFROV): Failed to open stream: No such file or directory {"exception":"[object] (ErrorException(code: 0): file_put_contents(C:\\Cloned\\SafeNest\\SafeNest\\storage\\framework/sessions/sUtjmVXFK6VtDleOYTAV1ppoYnj2G81cz1CpFROV): Failed to open stream: No such file or directory at /home/andrew/Desktop/Code/SafeNest/SafeNest/SafeNest/vendor/laravel/framework/src/Illuminate/Filesystem/Filesystem.php:204)
[stacktrace]
#0 /home/andrew/Desktop/Code/SafeNest/SafeNest/SafeNest/vendor/laravel/framework/src/Illuminate/Foundation/Bootstrap/HandleExceptions.php(255): Illuminate\\Foundation\\Bootstrap\\HandleExceptions->handleError()
#1 [internal function]: Illuminate\\Foundation\\Bootstrap\\HandleExceptions->Illuminate\\Foundation\\Bootstrap\\{closure}()
#2 /home/andrew/Desktop/Code/SafeNest/SafeNest/SafeNest/vendor/laravel/framework/src/Illuminate/Filesystem/Filesystem.php(204): file_put_contents()
#3 /home/andrew/Desktop/Code/SafeNest/SafeNest/SafeNest/vendor/laravel/framework/src/Illuminate/Session/FileSessionHandler.php(90): Illuminate\\Filesystem\\Filesystem->put()
#4 /home/andrew/Desktop/Code/SafeNest/SafeNest/SafeNest/vendor/laravel/framework/src/Illuminate/Session/Store.php(172): Illuminate\\Session\\FileSessionHandler->write()
#5 /home/andrew/Desktop/Code/SafeNest/SafeNest/SafeNest/vendor/laravel/framework/src/Illuminate/Session/Middleware/StartSession.php(245): Illuminate\\Session\\Store->save()
#6 /home/andrew/Desktop/Code/SafeNest/SafeNest/SafeNest/vendor/laravel/framework/src/Illuminate/Session/Middleware/StartSession.php(130): Illuminate\\Session\\Middleware\\StartSession->saveSession()
#7 /home/andrew/Desktop/Code/SafeNest/SafeNest/SafeNest/vendor/laravel/framework/src/Illuminate/Session/Middleware/StartSession.php(64): Illuminate\\Session\\Middleware\\StartSession->handleStatefulRequest()
#8 /home/andrew/Desktop/Code/SafeNest/SafeNest/SafeNest/vendor/laravel/framework/src/Illuminate/Pipeline/Pipeline.php(183): Illuminate\\Session\\Middleware\\StartSession->handle()
#9 /home/andrew/Desktop/Code/SafeNest/SafeNest/SafeNest/vendor/laravel/framework/src/Illuminate/Cookie/Middleware/AddQueuedCookiesToResponse.php(37): Illuminate\\Pipeline\\Pipeline->Illuminate\\Pipeline\\{closure}()
#10 /home/andrew/Desktop/Code/SafeNest/SafeNest/SafeNest/vendor/laravel/framework/src/Illuminate/Pipeline/Pipeline.php(183): Illuminate\\Cookie\\Middleware\\AddQueuedCookiesToResponse->handle()
#11 /home/andrew/Desktop/Code/SafeNest/SafeNest/SafeNest/vendor/laravel/framework/src/Illuminate/Cookie/Middleware/EncryptCookies.php(67): Illuminate\\Pipeline\\Pipeline->Illuminate\\Pipeline\\{closure}()
#12 /home/andrew/Desktop/Code/SafeNest/SafeNest/SafeNest/vendor/laravel/framework/src/Illuminate/Pipeline/Pipeline.php(183): Illuminate\\Cookie\\Middleware\\EncryptCookies->handle()
#13 /home/andrew/Desktop/Code/SafeNest/SafeNest/SafeNest/vendor/laravel/framework/src/Illuminate/Pipeline/Pipeline.php(119): Illuminate\\Pipeline\\Pipeline->Illuminate\\Pipeline\\{closure}()
#14 /home/andrew/Desktop/Code/SafeNest/SafeNest/SafeNest/vendor/laravel/framework/src/Illuminate/Routing/Router.php(805): Illuminate\\Pipeline\\Pipeline->then()
#15 /home/andrew/Desktop/Code/SafeNest/SafeNest/SafeNest/vendor/laravel/framework/src/Illuminate/Routing/Router.php(784): Illuminate\\Routing\\Router->runRouteWithinStack()
#16 /home/andrew/Desktop/Code/SafeNest/SafeNest/SafeNest/vendor/laravel/framework/src/Illuminate/Routing/Router.php(748): Illuminate\\Routing\\Router->runRoute()
#17 /home/andrew/Desktop/Code/SafeNest/SafeNest/SafeNest/vendor/laravel/framework/src/Illuminate/Routing/Router.php(737): Illuminate\\Routing\\Router->dispatchToRoute()
#18 /home/andrew/Desktop/Code/SafeNest/SafeNest/SafeNest/vendor/laravel/framework/src/Illuminate/Foundation/Http/Kernel.php(200): Illuminate\\Routing\\Router->dispatch()
#19 /home/andrew/Desktop/Code/SafeNest/SafeNest/SafeNest/vendor/laravel/framework/src/Illuminate/Pipeline/Pipeline.php(144): Illuminate\\Foundation\\Http\\Kernel->Illuminate\\Foundation\\Http\\{closure}()
#20 /home/andrew/Desktop/Code/SafeNest/SafeNest/SafeNest/vendor/laravel/framework/src/Illuminate/Foundation/Http/Middleware/TransformsRequest.php(21): Illuminate\\Pipeline\\Pipeline->Illuminate\\Pipeline\\{closure}()
#21 /home/andrew/Desktop/Code/SafeNest/SafeNest/SafeNest/vendor/laravel/framework/src/Illuminate/Foundation/Http/Middleware/ConvertEmptyStringsToNull.php(31): Illuminate\\Foundation\\Http\\Middleware\\TransformsRequest->handle()
#22 /home/andrew/Desktop/Code/SafeNest/SafeNest/SafeNest/vendor/laravel/framework/src/Illuminate/Pipeline/Pipeline.php(183): Illuminate\\Foundation\\Http\\Middleware\\ConvertEmptyStringsToNull->handle()
#23 /home/andrew/Desktop/Code/SafeNest/SafeNest/SafeNest/vendor/laravel/framework/src/Illuminate/Foundation/Http/Middleware/TransformsRequest.php(21): Illuminate\\Pipeline\\Pipeline->Illuminate\\Pipeline\\{closure}()
#24 /home/andrew/Desktop/Code/SafeNest/SafeNest/SafeNest/vendor/laravel/framework/src/Illuminate/Foundation/Http/Middleware/TrimStrings.php(40): Illuminate\\Foundation\\Http\\Middleware\\TransformsRequest->handle()
#25 /home/andrew/Desktop/Code/SafeNest/SafeNest/SafeNest/vendor/laravel/framework/src/Illuminate/Pipeline/Pipeline.php(183): Illuminate\\Foundation\\Http\\Middleware\\TrimStrings->handle()
#26 /home/andrew/Desktop/Code/SafeNest/SafeNest/SafeNest/vendor/laravel/framework/src/Illuminate/Foundation/Http/Middleware/ValidatePostSize.php(27): Illuminate\\Pipeline\\Pipeline->Illuminate\\Pipeline\\{closure}()
#27 /home/andrew/Desktop/Code/SafeNest/SafeNest/SafeNest/vendor/laravel/framework/src/Illuminate/Pipeline/Pipeline.php(183): Illuminate\\Foundation\\Http\\Middleware\\ValidatePostSize->handle()
#28 /home/andrew/Desktop/Code/SafeNest/SafeNest/SafeNest/vendor/laravel/framework/src/Illuminate/Foundation/Http/Middleware/PreventRequestsDuringMaintenance.php(99): Illuminate\\Pipeline\\Pipeline->Illuminate\\Pipeline\\{closure}()
#29 /home/andrew/Desktop/Code/SafeNest/SafeNest/SafeNest/vendor/laravel/framework/src/Illuminate/Pipeline/Pipeline.php(183): Illuminate\\Foundation\\Http\\Middleware\\PreventRequestsDuringMaintenance->handle()
#30 /home/andrew/Desktop/Code/SafeNest/SafeNest/SafeNest/vendor/laravel/framework/src/Illuminate/Http/Middleware/HandleCors.php(49): Illuminate\\Pipeline\\Pipeline->Illuminate\\Pipeline\\{closure}()
#31 /home/andrew/Desktop/Code/SafeNest/SafeNest/SafeNest/vendor/laravel/framework/src/Illuminate/Pipeline/Pipeline.php(183): Illuminate\\Http\\Middleware\\HandleCors->handle()
#32 /home/andrew/Desktop/Code/SafeNest/SafeNest/SafeNest/vendor/laravel/framework/src/Illuminate/Http/Middleware/TrustProxies.php(39): Illuminate\\Pipeline\\Pipeline->Illuminate\\Pipeline\\{closure}()
#33 /home/andrew/Desktop/Code/SafeNest/SafeNest/SafeNest/vendor/laravel/framework/src/Illuminate/Pipeline/Pipeline.php(183): Illuminate\\Http\\Middleware\\TrustProxies->handle()
#34 /home/andrew/Desktop/Code/SafeNest/SafeNest/SafeNest/vendor/laravel/framework/src/Illuminate/Pipeline/Pipeline.php(119): Illuminate\\Pipeline\\Pipeline->Illuminate\\Pipeline\\{closure}()
#35 /home/andrew/Desktop/Code/SafeNest/SafeNest/SafeNest/vendor/laravel/framework/src/Illuminate/Foundation/Http/Kernel.php(175): Illuminate\\Pipeline\\Pipeline->then()
#36 /home/andrew/Desktop/Code/SafeNest/SafeNest/SafeNest/vendor/laravel/framework/src/Illuminate/Foundation/Http/Kernel.php(144): Illuminate\\Foundation\\Http\\Kernel->sendRequestThroughRouter()
#37 /home/andrew/Desktop/Code/SafeNest/SafeNest/SafeNest/public/index.php(51): Illuminate\\Foundation\\Http\\Kernel->handle()
#38 /home/andrew/Desktop/Code/SafeNest/SafeNest/SafeNest/vendor/laravel/framework/src/Illuminate/Foundation/resources/server.php(16): require_once('...')
#39 {main}
"} 
[2025-04-18 21:29:37] local.ERROR: View [auth.login] not found. {"exception":"[object] (InvalidArgumentException(code: 0): View [auth.login] not found. at /home/andrew/Desktop/Code/SafeNest/SafeNest/SafeNest/vendor/laravel/framework/src/Illuminate/View/FileViewFinder.php:137)
[stacktrace]
#0 /home/andrew/Desktop/Code/SafeNest/SafeNest/SafeNest/vendor/laravel/framework/src/Illuminate/View/FileViewFinder.php(79): Illuminate\\View\\FileViewFinder->findInPaths()
#1 /home/andrew/Desktop/Code/SafeNest/SafeNest/SafeNest/vendor/laravel/framework/src/Illuminate/View/Factory.php(137): Illuminate\\View\\FileViewFinder->find()
#2 /home/andrew/Desktop/Code/SafeNest/SafeNest/SafeNest/vendor/laravel/framework/src/Illuminate/Foundation/helpers.php(1020): Illuminate\\View\\Factory->make()
#3 /home/andrew/Desktop/Code/SafeNest/SafeNest/SafeNest/app/Http/Controllers/Auth/AuthenticatedSessionController.php(20): view()
#4 /home/andrew/Desktop/Code/SafeNest/SafeNest/SafeNest/vendor/laravel/framework/src/Illuminate/Routing/Controller.php(54): App\\Http\\Controllers\\Auth\\AuthenticatedSessionController->create()
#5 /home/andrew/Desktop/Code/SafeNest/SafeNest/SafeNest/vendor/laravel/framework/src/Illuminate/Routing/ControllerDispatcher.php(43): Illuminate\\Routing\\Controller->callAction()
#6 /home/andrew/Desktop/Code/SafeNest/SafeNest/SafeNest/vendor/laravel/framework/src/Illuminate/Routing/Route.php(259): Illuminate\\Routing\\ControllerDispatcher->dispatch()
#7 /home/andrew/Desktop/Code/SafeNest/SafeNest/SafeNest/vendor/laravel/framework/src/Illuminate/Routing/Route.php(205): Illuminate\\Routing\\Route->runController()
#8 /home/andrew/Desktop/Code/SafeNest/SafeNest/SafeNest/vendor/laravel/framework/src/Illuminate/Routing/Router.php(806): Illuminate\\Routing\\Route->run()
#9 /home/andrew/Desktop/Code/SafeNest/SafeNest/SafeNest/vendor/laravel/framework/src/Illuminate/Pipeline/Pipeline.php(144): Illuminate\\Routing\\Router->Illuminate\\Routing\\{closure}()
#10 /home/andrew/Desktop/Code/SafeNest/SafeNest/SafeNest/app/Http/Middleware/RedirectIfAuthenticated.php(28): Illuminate\\Pipeline\\Pipeline->Illuminate\\Pipeline\\{closure}()
#11 /home/andrew/Desktop/Code/SafeNest/SafeNest/SafeNest/vendor/laravel/framework/src/Illuminate/Pipeline/Pipeline.php(183): App\\Http\\Middleware\\RedirectIfAuthenticated->handle()
#12 /home/andrew/Desktop/Code/SafeNest/SafeNest/SafeNest/vendor/laravel/framework/src/Illuminate/Routing/Middleware/SubstituteBindings.php(50): Illuminate\\Pipeline\\Pipeline->Illuminate\\Pipeline\\{closure}()
#13 /home/andrew/Desktop/Code/SafeNest/SafeNest/SafeNest/vendor/laravel/framework/src/Illuminate/Pipeline/Pipeline.php(183): Illuminate\\Routing\\Middleware\\SubstituteBindings->handle()
#14 /home/andrew/Desktop/Code/SafeNest/SafeNest/SafeNest/vendor/laravel/framework/src/Illuminate/Foundation/Http/Middleware/VerifyCsrfToken.php(78): Illuminate\\Pipeline\\Pipeline->Illuminate\\Pipeline\\{closure}()
#15 /home/andrew/Desktop/Code/SafeNest/SafeNest/SafeNest/vendor/laravel/framework/src/Illuminate/Pipeline/Pipeline.php(183): Illuminate\\Foundation\\Http\\Middleware\\VerifyCsrfToken->handle()
#16 /home/andrew/Desktop/Code/SafeNest/SafeNest/SafeNest/vendor/laravel/framework/src/Illuminate/View/Middleware/ShareErrorsFromSession.php(49): Illuminate\\Pipeline\\Pipeline->Illuminate\\Pipeline\\{closure}()
#17 /home/andrew/Desktop/Code/SafeNest/SafeNest/SafeNest/vendor/laravel/framework/src/Illuminate/Pipeline/Pipeline.php(183): Illuminate\\View\\Middleware\\ShareErrorsFromSession->handle()
#18 /home/andrew/Desktop/Code/SafeNest/SafeNest/SafeNest/vendor/laravel/framework/src/Illuminate/Session/Middleware/StartSession.php(121): Illuminate\\Pipeline\\Pipeline->Illuminate\\Pipeline\\{closure}()
#19 /home/andrew/Desktop/Code/SafeNest/SafeNest/SafeNest/vendor/laravel/framework/src/Illuminate/Session/Middleware/StartSession.php(64): Illuminate\\Session\\Middleware\\StartSession->handleStatefulRequest()
#20 /home/andrew/Desktop/Code/SafeNest/SafeNest/SafeNest/vendor/laravel/framework/src/Illuminate/Pipeline/Pipeline.php(183): Illuminate\\Session\\Middleware\\StartSession->handle()
#21 /home/andrew/Desktop/Code/SafeNest/SafeNest/SafeNest/vendor/laravel/framework/src/Illuminate/Cookie/Middleware/AddQueuedCookiesToResponse.php(37): Illuminate\\Pipeline\\Pipeline->Illuminate\\Pipeline\\{closure}()
#22 /home/andrew/Desktop/Code/SafeNest/SafeNest/SafeNest/vendor/laravel/framework/src/Illuminate/Pipeline/Pipeline.php(183): Illuminate\\Cookie\\Middleware\\AddQueuedCookiesToResponse->handle()
#23 /home/andrew/Desktop/Code/SafeNest/SafeNest/SafeNest/vendor/laravel/framework/src/Illuminate/Cookie/Middleware/EncryptCookies.php(67): Illuminate\\Pipeline\\Pipeline->Illuminate\\Pipeline\\{closure}()
#24 /home/andrew/Desktop/Code/SafeNest/SafeNest/SafeNest/vendor/laravel/framework/src/Illuminate/Pipeline/Pipeline.php(183): Illuminate\\Cookie\\Middleware\\EncryptCookies->handle()
#25 /home/andrew/Desktop/Code/SafeNest/SafeNest/SafeNest/vendor/laravel/framework/src/Illuminate/Pipeline/Pipeline.php(119): Illuminate\\Pipeline\\Pipeline->Illuminate\\Pipeline\\{closure}()
#26 /home/andrew/Desktop/Code/SafeNest/SafeNest/SafeNest/vendor/laravel/framework/src/Illuminate/Routing/Router.php(805): Illuminate\\Pipeline\\Pipeline->then()
#27 /home/andrew/Desktop/Code/SafeNest/SafeNest/SafeNest/vendor/laravel/framework/src/Illuminate/Routing/Router.php(784): Illuminate\\Routing\\Router->runRouteWithinStack()
#28 /home/andrew/Desktop/Code/SafeNest/SafeNest/SafeNest/vendor/laravel/framework/src/Illuminate/Routing/Router.php(748): Illuminate\\Routing\\Router->runRoute()
#29 /home/andrew/Desktop/Code/SafeNest/SafeNest/SafeNest/vendor/laravel/framework/src/Illuminate/Routing/Router.php(737): Illuminate\\Routing\\Router->dispatchToRoute()
#30 /home/andrew/Desktop/Code/SafeNest/SafeNest/SafeNest/vendor/laravel/framework/src/Illuminate/Foundation/Http/Kernel.php(200): Illuminate\\Routing\\Router->dispatch()
#31 /home/andrew/Desktop/Code/SafeNest/SafeNest/SafeNest/vendor/laravel/framework/src/Illuminate/Pipeline/Pipeline.php(144): Illuminate\\Foundation\\Http\\Kernel->Illuminate\\Foundation\\Http\\{closure}()
#32 /home/andrew/Desktop/Code/SafeNest/SafeNest/SafeNest/vendor/laravel/framework/src/Illuminate/Foundation/Http/Middleware/TransformsRequest.php(21): Illuminate\\Pipeline\\Pipeline->Illuminate\\Pipeline\\{closure}()
#33 /home/andrew/Desktop/Code/SafeNest/SafeNest/SafeNest/vendor/laravel/framework/src/Illuminate/Foundation/Http/Middleware/ConvertEmptyStringsToNull.php(31): Illuminate\\Foundation\\Http\\Middleware\\TransformsRequest->handle()
#34 /home/andrew/Desktop/Code/SafeNest/SafeNest/SafeNest/vendor/laravel/framework/src/Illuminate/Pipeline/Pipeline.php(183): Illuminate\\Foundation\\Http\\Middleware\\ConvertEmptyStringsToNull->handle()
#35 /home/andrew/Desktop/Code/SafeNest/SafeNest/SafeNest/vendor/laravel/framework/src/Illuminate/Foundation/Http/Middleware/TransformsRequest.php(21): Illuminate\\Pipeline\\Pipeline->Illuminate\\Pipeline\\{closure}()
#36 /home/andrew/Desktop/Code/SafeNest/SafeNest/SafeNest/vendor/laravel/framework/src/Illuminate/Foundation/Http/Middleware/TrimStrings.php(40): Illuminate\\Foundation\\Http\\Middleware\\TransformsRequest->handle()
#37 /home/andrew/Desktop/Code/SafeNest/SafeNest/SafeNest/vendor/laravel/framework/src/Illuminate/Pipeline/Pipeline.php(183): Illuminate\\Foundation\\Http\\Middleware\\TrimStrings->handle()
#38 /home/andrew/Desktop/Code/SafeNest/SafeNest/SafeNest/vendor/laravel/framework/src/Illuminate/Foundation/Http/Middleware/ValidatePostSize.php(27): Illuminate\\Pipeline\\Pipeline->Illuminate\\Pipeline\\{closure}()
#39 /home/andrew/Desktop/Code/SafeNest/SafeNest/SafeNest/vendor/laravel/framework/src/Illuminate/Pipeline/Pipeline.php(183): Illuminate\\Foundation\\Http\\Middleware\\ValidatePostSize->handle()
#40 /home/andrew/Desktop/Code/SafeNest/SafeNest/SafeNest/vendor/laravel/framework/src/Illuminate/Foundation/Http/Middleware/PreventRequestsDuringMaintenance.php(99): Illuminate\\Pipeline\\Pipeline->Illuminate\\Pipeline\\{closure}()
#41 /home/andrew/Desktop/Code/SafeNest/SafeNest/SafeNest/vendor/laravel/framework/src/Illuminate/Pipeline/Pipeline.php(183): Illuminate\\Foundation\\Http\\Middleware\\PreventRequestsDuringMaintenance->handle()
#42 /home/andrew/Desktop/Code/SafeNest/SafeNest/SafeNest/vendor/laravel/framework/src/Illuminate/Http/Middleware/HandleCors.php(49): Illuminate\\Pipeline\\Pipeline->Illuminate\\Pipeline\\{closure}()
#43 /home/andrew/Desktop/Code/SafeNest/SafeNest/SafeNest/vendor/laravel/framework/src/Illuminate/Pipeline/Pipeline.php(183): Illuminate\\Http\\Middleware\\HandleCors->handle()
#44 /home/andrew/Desktop/Code/SafeNest/SafeNest/SafeNest/vendor/laravel/framework/src/Illuminate/Http/Middleware/TrustProxies.php(39): Illuminate\\Pipeline\\Pipeline->Illuminate\\Pipeline\\{closure}()
#45 /home/andrew/Desktop/Code/SafeNest/SafeNest/SafeNest/vendor/laravel/framework/src/Illuminate/Pipeline/Pipeline.php(183): Illuminate\\Http\\Middleware\\TrustProxies->handle()
#46 /home/andrew/Desktop/Code/SafeNest/SafeNest/SafeNest/vendor/laravel/framework/src/Illuminate/Pipeline/Pipeline.php(119): Illuminate\\Pipeline\\Pipeline->Illuminate\\Pipeline\\{closure}()
#47 /home/andrew/Desktop/Code/SafeNest/SafeNest/SafeNest/vendor/laravel/framework/src/Illuminate/Foundation/Http/Kernel.php(175): Illuminate\\Pipeline\\Pipeline->then()
#48 /home/andrew/Desktop/Code/SafeNest/SafeNest/SafeNest/vendor/laravel/framework/src/Illuminate/Foundation/Http/Kernel.php(144): Illuminate\\Foundation\\Http\\Kernel->sendRequestThroughRouter()
#49 /home/andrew/Desktop/Code/SafeNest/SafeNest/SafeNest/public/index.php(51): Illuminate\\Foundation\\Http\\Kernel->handle()
#50 /home/andrew/Desktop/Code/SafeNest/SafeNest/SafeNest/vendor/laravel/framework/src/Illuminate/Foundation/resources/server.php(16): require_once('...')
#51 {main}
"} 
[2025-04-18 21:29:37] local.ERROR: file_put_contents(C:\Cloned\SafeNest\SafeNest\storage\framework/sessions/w6PPFwskKY9cpN8LYLyerdp8E9UVbfMNdUnYeP7X): Failed to open stream: No such file or directory {"exception":"[object] (ErrorException(code: 0): file_put_contents(C:\\Cloned\\SafeNest\\SafeNest\\storage\\framework/sessions/w6PPFwskKY9cpN8LYLyerdp8E9UVbfMNdUnYeP7X): Failed to open stream: No such file or directory at /home/andrew/Desktop/Code/SafeNest/SafeNest/SafeNest/vendor/laravel/framework/src/Illuminate/Filesystem/Filesystem.php:204)
[stacktrace]
#0 /home/andrew/Desktop/Code/SafeNest/SafeNest/SafeNest/vendor/laravel/framework/src/Illuminate/Foundation/Bootstrap/HandleExceptions.php(255): Illuminate\\Foundation\\Bootstrap\\HandleExceptions->handleError()
#1 [internal function]: Illuminate\\Foundation\\Bootstrap\\HandleExceptions->Illuminate\\Foundation\\Bootstrap\\{closure}()
#2 /home/andrew/Desktop/Code/SafeNest/SafeNest/SafeNest/vendor/laravel/framework/src/Illuminate/Filesystem/Filesystem.php(204): file_put_contents()
#3 /home/andrew/Desktop/Code/SafeNest/SafeNest/SafeNest/vendor/laravel/framework/src/Illuminate/Session/FileSessionHandler.php(90): Illuminate\\Filesystem\\Filesystem->put()
#4 /home/andrew/Desktop/Code/SafeNest/SafeNest/SafeNest/vendor/laravel/framework/src/Illuminate/Session/Store.php(172): Illuminate\\Session\\FileSessionHandler->write()
#5 /home/andrew/Desktop/Code/SafeNest/SafeNest/SafeNest/vendor/laravel/framework/src/Illuminate/Session/Middleware/StartSession.php(245): Illuminate\\Session\\Store->save()
#6 /home/andrew/Desktop/Code/SafeNest/SafeNest/SafeNest/vendor/laravel/framework/src/Illuminate/Session/Middleware/StartSession.php(130): Illuminate\\Session\\Middleware\\StartSession->saveSession()
#7 /home/andrew/Desktop/Code/SafeNest/SafeNest/SafeNest/vendor/laravel/framework/src/Illuminate/Session/Middleware/StartSession.php(64): Illuminate\\Session\\Middleware\\StartSession->handleStatefulRequest()
#8 /home/andrew/Desktop/Code/SafeNest/SafeNest/SafeNest/vendor/laravel/framework/src/Illuminate/Pipeline/Pipeline.php(183): Illuminate\\Session\\Middleware\\StartSession->handle()
#9 /home/andrew/Desktop/Code/SafeNest/SafeNest/SafeNest/vendor/laravel/framework/src/Illuminate/Cookie/Middleware/AddQueuedCookiesToResponse.php(37): Illuminate\\Pipeline\\Pipeline->Illuminate\\Pipeline\\{closure}()
#10 /home/andrew/Desktop/Code/SafeNest/SafeNest/SafeNest/vendor/laravel/framework/src/Illuminate/Pipeline/Pipeline.php(183): Illuminate\\Cookie\\Middleware\\AddQueuedCookiesToResponse->handle()
#11 /home/andrew/Desktop/Code/SafeNest/SafeNest/SafeNest/vendor/laravel/framework/src/Illuminate/Cookie/Middleware/EncryptCookies.php(67): Illuminate\\Pipeline\\Pipeline->Illuminate\\Pipeline\\{closure}()
#12 /home/andrew/Desktop/Code/SafeNest/SafeNest/SafeNest/vendor/laravel/framework/src/Illuminate/Pipeline/Pipeline.php(183): Illuminate\\Cookie\\Middleware\\EncryptCookies->handle()
#13 /home/andrew/Desktop/Code/SafeNest/SafeNest/SafeNest/vendor/laravel/framework/src/Illuminate/Pipeline/Pipeline.php(119): Illuminate\\Pipeline\\Pipeline->Illuminate\\Pipeline\\{closure}()
#14 /home/andrew/Desktop/Code/SafeNest/SafeNest/SafeNest/vendor/laravel/framework/src/Illuminate/Routing/Router.php(805): Illuminate\\Pipeline\\Pipeline->then()
#15 /home/andrew/Desktop/Code/SafeNest/SafeNest/SafeNest/vendor/laravel/framework/src/Illuminate/Routing/Router.php(784): Illuminate\\Routing\\Router->runRouteWithinStack()
#16 /home/andrew/Desktop/Code/SafeNest/SafeNest/SafeNest/vendor/laravel/framework/src/Illuminate/Routing/Router.php(748): Illuminate\\Routing\\Router->runRoute()
#17 /home/andrew/Desktop/Code/SafeNest/SafeNest/SafeNest/vendor/laravel/framework/src/Illuminate/Routing/Router.php(737): Illuminate\\Routing\\Router->dispatchToRoute()
#18 /home/andrew/Desktop/Code/SafeNest/SafeNest/SafeNest/vendor/laravel/framework/src/Illuminate/Foundation/Http/Kernel.php(200): Illuminate\\Routing\\Router->dispatch()
#19 /home/andrew/Desktop/Code/SafeNest/SafeNest/SafeNest/vendor/laravel/framework/src/Illuminate/Pipeline/Pipeline.php(144): Illuminate\\Foundation\\Http\\Kernel->Illuminate\\Foundation\\Http\\{closure}()
#20 /home/andrew/Desktop/Code/SafeNest/SafeNest/SafeNest/vendor/laravel/framework/src/Illuminate/Foundation/Http/Middleware/TransformsRequest.php(21): Illuminate\\Pipeline\\Pipeline->Illuminate\\Pipeline\\{closure}()
#21 /home/andrew/Desktop/Code/SafeNest/SafeNest/SafeNest/vendor/laravel/framework/src/Illuminate/Foundation/Http/Middleware/ConvertEmptyStringsToNull.php(31): Illuminate\\Foundation\\Http\\Middleware\\TransformsRequest->handle()
#22 /home/andrew/Desktop/Code/SafeNest/SafeNest/SafeNest/vendor/laravel/framework/src/Illuminate/Pipeline/Pipeline.php(183): Illuminate\\Foundation\\Http\\Middleware\\ConvertEmptyStringsToNull->handle()
#23 /home/andrew/Desktop/Code/SafeNest/SafeNest/SafeNest/vendor/laravel/framework/src/Illuminate/Foundation/Http/Middleware/TransformsRequest.php(21): Illuminate\\Pipeline\\Pipeline->Illuminate\\Pipeline\\{closure}()
#24 /home/andrew/Desktop/Code/SafeNest/SafeNest/SafeNest/vendor/laravel/framework/src/Illuminate/Foundation/Http/Middleware/TrimStrings.php(40): Illuminate\\Foundation\\Http\\Middleware\\TransformsRequest->handle()
#25 /home/andrew/Desktop/Code/SafeNest/SafeNest/SafeNest/vendor/laravel/framework/src/Illuminate/Pipeline/Pipeline.php(183): Illuminate\\Foundation\\Http\\Middleware\\TrimStrings->handle()
#26 /home/andrew/Desktop/Code/SafeNest/SafeNest/SafeNest/vendor/laravel/framework/src/Illuminate/Foundation/Http/Middleware/ValidatePostSize.php(27): Illuminate\\Pipeline\\Pipeline->Illuminate\\Pipeline\\{closure}()
#27 /home/andrew/Desktop/Code/SafeNest/SafeNest/SafeNest/vendor/laravel/framework/src/Illuminate/Pipeline/Pipeline.php(183): Illuminate\\Foundation\\Http\\Middleware\\ValidatePostSize->handle()
#28 /home/andrew/Desktop/Code/SafeNest/SafeNest/SafeNest/vendor/laravel/framework/src/Illuminate/Foundation/Http/Middleware/PreventRequestsDuringMaintenance.php(99): Illuminate\\Pipeline\\Pipeline->Illuminate\\Pipeline\\{closure}()
#29 /home/andrew/Desktop/Code/SafeNest/SafeNest/SafeNest/vendor/laravel/framework/src/Illuminate/Pipeline/Pipeline.php(183): Illuminate\\Foundation\\Http\\Middleware\\PreventRequestsDuringMaintenance->handle()
#30 /home/andrew/Desktop/Code/SafeNest/SafeNest/SafeNest/vendor/laravel/framework/src/Illuminate/Http/Middleware/HandleCors.php(49): Illuminate\\Pipeline\\Pipeline->Illuminate\\Pipeline\\{closure}()
#31 /home/andrew/Desktop/Code/SafeNest/SafeNest/SafeNest/vendor/laravel/framework/src/Illuminate/Pipeline/Pipeline.php(183): Illuminate\\Http\\Middleware\\HandleCors->handle()
#32 /home/andrew/Desktop/Code/SafeNest/SafeNest/SafeNest/vendor/laravel/framework/src/Illuminate/Http/Middleware/TrustProxies.php(39): Illuminate\\Pipeline\\Pipeline->Illuminate\\Pipeline\\{closure}()
#33 /home/andrew/Desktop/Code/SafeNest/SafeNest/SafeNest/vendor/laravel/framework/src/Illuminate/Pipeline/Pipeline.php(183): Illuminate\\Http\\Middleware\\TrustProxies->handle()
#34 /home/andrew/Desktop/Code/SafeNest/SafeNest/SafeNest/vendor/laravel/framework/src/Illuminate/Pipeline/Pipeline.php(119): Illuminate\\Pipeline\\Pipeline->Illuminate\\Pipeline\\{closure}()
#35 /home/andrew/Desktop/Code/SafeNest/SafeNest/SafeNest/vendor/laravel/framework/src/Illuminate/Foundation/Http/Kernel.php(175): Illuminate\\Pipeline\\Pipeline->then()
#36 /home/andrew/Desktop/Code/SafeNest/SafeNest/SafeNest/vendor/laravel/framework/src/Illuminate/Foundation/Http/Kernel.php(144): Illuminate\\Foundation\\Http\\Kernel->sendRequestThroughRouter()
#37 /home/andrew/Desktop/Code/SafeNest/SafeNest/SafeNest/public/index.php(51): Illuminate\\Foundation\\Http\\Kernel->handle()
#38 /home/andrew/Desktop/Code/SafeNest/SafeNest/SafeNest/vendor/laravel/framework/src/Illuminate/Foundation/resources/server.php(16): require_once('...')
#39 {main}
"} 
[2025-04-18 21:29:44] local.ERROR: View [auth.login] not found. {"exception":"[object] (InvalidArgumentException(code: 0): View [auth.login] not found. at /home/andrew/Desktop/Code/SafeNest/SafeNest/SafeNest/vendor/laravel/framework/src/Illuminate/View/FileViewFinder.php:137)
[stacktrace]
#0 /home/andrew/Desktop/Code/SafeNest/SafeNest/SafeNest/vendor/laravel/framework/src/Illuminate/View/FileViewFinder.php(79): Illuminate\\View\\FileViewFinder->findInPaths()
#1 /home/andrew/Desktop/Code/SafeNest/SafeNest/SafeNest/vendor/laravel/framework/src/Illuminate/View/Factory.php(137): Illuminate\\View\\FileViewFinder->find()
#2 /home/andrew/Desktop/Code/SafeNest/SafeNest/SafeNest/vendor/laravel/framework/src/Illuminate/Foundation/helpers.php(1020): Illuminate\\View\\Factory->make()
#3 /home/andrew/Desktop/Code/SafeNest/SafeNest/SafeNest/app/Http/Controllers/Auth/AuthenticatedSessionController.php(20): view()
#4 /home/andrew/Desktop/Code/SafeNest/SafeNest/SafeNest/vendor/laravel/framework/src/Illuminate/Routing/Controller.php(54): App\\Http\\Controllers\\Auth\\AuthenticatedSessionController->create()
#5 /home/andrew/Desktop/Code/SafeNest/SafeNest/SafeNest/vendor/laravel/framework/src/Illuminate/Routing/ControllerDispatcher.php(43): Illuminate\\Routing\\Controller->callAction()
#6 /home/andrew/Desktop/Code/SafeNest/SafeNest/SafeNest/vendor/laravel/framework/src/Illuminate/Routing/Route.php(259): Illuminate\\Routing\\ControllerDispatcher->dispatch()
#7 /home/andrew/Desktop/Code/SafeNest/SafeNest/SafeNest/vendor/laravel/framework/src/Illuminate/Routing/Route.php(205): Illuminate\\Routing\\Route->runController()
#8 /home/andrew/Desktop/Code/SafeNest/SafeNest/SafeNest/vendor/laravel/framework/src/Illuminate/Routing/Router.php(806): Illuminate\\Routing\\Route->run()
#9 /home/andrew/Desktop/Code/SafeNest/SafeNest/SafeNest/vendor/laravel/framework/src/Illuminate/Pipeline/Pipeline.php(144): Illuminate\\Routing\\Router->Illuminate\\Routing\\{closure}()
#10 /home/andrew/Desktop/Code/SafeNest/SafeNest/SafeNest/app/Http/Middleware/RedirectIfAuthenticated.php(28): Illuminate\\Pipeline\\Pipeline->Illuminate\\Pipeline\\{closure}()
#11 /home/andrew/Desktop/Code/SafeNest/SafeNest/SafeNest/vendor/laravel/framework/src/Illuminate/Pipeline/Pipeline.php(183): App\\Http\\Middleware\\RedirectIfAuthenticated->handle()
#12 /home/andrew/Desktop/Code/SafeNest/SafeNest/SafeNest/vendor/laravel/framework/src/Illuminate/Routing/Middleware/SubstituteBindings.php(50): Illuminate\\Pipeline\\Pipeline->Illuminate\\Pipeline\\{closure}()
#13 /home/andrew/Desktop/Code/SafeNest/SafeNest/SafeNest/vendor/laravel/framework/src/Illuminate/Pipeline/Pipeline.php(183): Illuminate\\Routing\\Middleware\\SubstituteBindings->handle()
#14 /home/andrew/Desktop/Code/SafeNest/SafeNest/SafeNest/vendor/laravel/framework/src/Illuminate/Foundation/Http/Middleware/VerifyCsrfToken.php(78): Illuminate\\Pipeline\\Pipeline->Illuminate\\Pipeline\\{closure}()
#15 /home/andrew/Desktop/Code/SafeNest/SafeNest/SafeNest/vendor/laravel/framework/src/Illuminate/Pipeline/Pipeline.php(183): Illuminate\\Foundation\\Http\\Middleware\\VerifyCsrfToken->handle()
#16 /home/andrew/Desktop/Code/SafeNest/SafeNest/SafeNest/vendor/laravel/framework/src/Illuminate/View/Middleware/ShareErrorsFromSession.php(49): Illuminate\\Pipeline\\Pipeline->Illuminate\\Pipeline\\{closure}()
#17 /home/andrew/Desktop/Code/SafeNest/SafeNest/SafeNest/vendor/laravel/framework/src/Illuminate/Pipeline/Pipeline.php(183): Illuminate\\View\\Middleware\\ShareErrorsFromSession->handle()
#18 /home/andrew/Desktop/Code/SafeNest/SafeNest/SafeNest/vendor/laravel/framework/src/Illuminate/Session/Middleware/StartSession.php(121): Illuminate\\Pipeline\\Pipeline->Illuminate\\Pipeline\\{closure}()
#19 /home/andrew/Desktop/Code/SafeNest/SafeNest/SafeNest/vendor/laravel/framework/src/Illuminate/Session/Middleware/StartSession.php(64): Illuminate\\Session\\Middleware\\StartSession->handleStatefulRequest()
#20 /home/andrew/Desktop/Code/SafeNest/SafeNest/SafeNest/vendor/laravel/framework/src/Illuminate/Pipeline/Pipeline.php(183): Illuminate\\Session\\Middleware\\StartSession->handle()
#21 /home/andrew/Desktop/Code/SafeNest/SafeNest/SafeNest/vendor/laravel/framework/src/Illuminate/Cookie/Middleware/AddQueuedCookiesToResponse.php(37): Illuminate\\Pipeline\\Pipeline->Illuminate\\Pipeline\\{closure}()
#22 /home/andrew/Desktop/Code/SafeNest/SafeNest/SafeNest/vendor/laravel/framework/src/Illuminate/Pipeline/Pipeline.php(183): Illuminate\\Cookie\\Middleware\\AddQueuedCookiesToResponse->handle()
#23 /home/andrew/Desktop/Code/SafeNest/SafeNest/SafeNest/vendor/laravel/framework/src/Illuminate/Cookie/Middleware/EncryptCookies.php(67): Illuminate\\Pipeline\\Pipeline->Illuminate\\Pipeline\\{closure}()
#24 /home/andrew/Desktop/Code/SafeNest/SafeNest/SafeNest/vendor/laravel/framework/src/Illuminate/Pipeline/Pipeline.php(183): Illuminate\\Cookie\\Middleware\\EncryptCookies->handle()
#25 /home/andrew/Desktop/Code/SafeNest/SafeNest/SafeNest/vendor/laravel/framework/src/Illuminate/Pipeline/Pipeline.php(119): Illuminate\\Pipeline\\Pipeline->Illuminate\\Pipeline\\{closure}()
#26 /home/andrew/Desktop/Code/SafeNest/SafeNest/SafeNest/vendor/laravel/framework/src/Illuminate/Routing/Router.php(805): Illuminate\\Pipeline\\Pipeline->then()
#27 /home/andrew/Desktop/Code/SafeNest/SafeNest/SafeNest/vendor/laravel/framework/src/Illuminate/Routing/Router.php(784): Illuminate\\Routing\\Router->runRouteWithinStack()
#28 /home/andrew/Desktop/Code/SafeNest/SafeNest/SafeNest/vendor/laravel/framework/src/Illuminate/Routing/Router.php(748): Illuminate\\Routing\\Router->runRoute()
#29 /home/andrew/Desktop/Code/SafeNest/SafeNest/SafeNest/vendor/laravel/framework/src/Illuminate/Routing/Router.php(737): Illuminate\\Routing\\Router->dispatchToRoute()
#30 /home/andrew/Desktop/Code/SafeNest/SafeNest/SafeNest/vendor/laravel/framework/src/Illuminate/Foundation/Http/Kernel.php(200): Illuminate\\Routing\\Router->dispatch()
#31 /home/andrew/Desktop/Code/SafeNest/SafeNest/SafeNest/vendor/laravel/framework/src/Illuminate/Pipeline/Pipeline.php(144): Illuminate\\Foundation\\Http\\Kernel->Illuminate\\Foundation\\Http\\{closure}()
#32 /home/andrew/Desktop/Code/SafeNest/SafeNest/SafeNest/vendor/laravel/framework/src/Illuminate/Foundation/Http/Middleware/TransformsRequest.php(21): Illuminate\\Pipeline\\Pipeline->Illuminate\\Pipeline\\{closure}()
#33 /home/andrew/Desktop/Code/SafeNest/SafeNest/SafeNest/vendor/laravel/framework/src/Illuminate/Foundation/Http/Middleware/ConvertEmptyStringsToNull.php(31): Illuminate\\Foundation\\Http\\Middleware\\TransformsRequest->handle()
#34 /home/andrew/Desktop/Code/SafeNest/SafeNest/SafeNest/vendor/laravel/framework/src/Illuminate/Pipeline/Pipeline.php(183): Illuminate\\Foundation\\Http\\Middleware\\ConvertEmptyStringsToNull->handle()
#35 /home/andrew/Desktop/Code/SafeNest/SafeNest/SafeNest/vendor/laravel/framework/src/Illuminate/Foundation/Http/Middleware/TransformsRequest.php(21): Illuminate\\Pipeline\\Pipeline->Illuminate\\Pipeline\\{closure}()
#36 /home/andrew/Desktop/Code/SafeNest/SafeNest/SafeNest/vendor/laravel/framework/src/Illuminate/Foundation/Http/Middleware/TrimStrings.php(40): Illuminate\\Foundation\\Http\\Middleware\\TransformsRequest->handle()
#37 /home/andrew/Desktop/Code/SafeNest/SafeNest/SafeNest/vendor/laravel/framework/src/Illuminate/Pipeline/Pipeline.php(183): Illuminate\\Foundation\\Http\\Middleware\\TrimStrings->handle()
#38 /home/andrew/Desktop/Code/SafeNest/SafeNest/SafeNest/vendor/laravel/framework/src/Illuminate/Foundation/Http/Middleware/ValidatePostSize.php(27): Illuminate\\Pipeline\\Pipeline->Illuminate\\Pipeline\\{closure}()
#39 /home/andrew/Desktop/Code/SafeNest/SafeNest/SafeNest/vendor/laravel/framework/src/Illuminate/Pipeline/Pipeline.php(183): Illuminate\\Foundation\\Http\\Middleware\\ValidatePostSize->handle()
#40 /home/andrew/Desktop/Code/SafeNest/SafeNest/SafeNest/vendor/laravel/framework/src/Illuminate/Foundation/Http/Middleware/PreventRequestsDuringMaintenance.php(99): Illuminate\\Pipeline\\Pipeline->Illuminate\\Pipeline\\{closure}()
#41 /home/andrew/Desktop/Code/SafeNest/SafeNest/SafeNest/vendor/laravel/framework/src/Illuminate/Pipeline/Pipeline.php(183): Illuminate\\Foundation\\Http\\Middleware\\PreventRequestsDuringMaintenance->handle()
#42 /home/andrew/Desktop/Code/SafeNest/SafeNest/SafeNest/vendor/laravel/framework/src/Illuminate/Http/Middleware/HandleCors.php(49): Illuminate\\Pipeline\\Pipeline->Illuminate\\Pipeline\\{closure}()
#43 /home/andrew/Desktop/Code/SafeNest/SafeNest/SafeNest/vendor/laravel/framework/src/Illuminate/Pipeline/Pipeline.php(183): Illuminate\\Http\\Middleware\\HandleCors->handle()
#44 /home/andrew/Desktop/Code/SafeNest/SafeNest/SafeNest/vendor/laravel/framework/src/Illuminate/Http/Middleware/TrustProxies.php(39): Illuminate\\Pipeline\\Pipeline->Illuminate\\Pipeline\\{closure}()
#45 /home/andrew/Desktop/Code/SafeNest/SafeNest/SafeNest/vendor/laravel/framework/src/Illuminate/Pipeline/Pipeline.php(183): Illuminate\\Http\\Middleware\\TrustProxies->handle()
#46 /home/andrew/Desktop/Code/SafeNest/SafeNest/SafeNest/vendor/laravel/framework/src/Illuminate/Pipeline/Pipeline.php(119): Illuminate\\Pipeline\\Pipeline->Illuminate\\Pipeline\\{closure}()
#47 /home/andrew/Desktop/Code/SafeNest/SafeNest/SafeNest/vendor/laravel/framework/src/Illuminate/Foundation/Http/Kernel.php(175): Illuminate\\Pipeline\\Pipeline->then()
#48 /home/andrew/Desktop/Code/SafeNest/SafeNest/SafeNest/vendor/laravel/framework/src/Illuminate/Foundation/Http/Kernel.php(144): Illuminate\\Foundation\\Http\\Kernel->sendRequestThroughRouter()
#49 /home/andrew/Desktop/Code/SafeNest/SafeNest/SafeNest/public/index.php(51): Illuminate\\Foundation\\Http\\Kernel->handle()
#50 /home/andrew/Desktop/Code/SafeNest/SafeNest/SafeNest/vendor/laravel/framework/src/Illuminate/Foundation/resources/server.php(16): require_once('...')
#51 {main}
"} 
[2025-04-18 21:29:44] local.ERROR: file_put_contents(C:\Cloned\SafeNest\SafeNest\storage\framework/sessions/vZbSEnNzbBJpwGGmaTXOcNUVm6EhEnFQQV6PfOxs): Failed to open stream: No such file or directory {"exception":"[object] (ErrorException(code: 0): file_put_contents(C:\\Cloned\\SafeNest\\SafeNest\\storage\\framework/sessions/vZbSEnNzbBJpwGGmaTXOcNUVm6EhEnFQQV6PfOxs): Failed to open stream: No such file or directory at /home/andrew/Desktop/Code/SafeNest/SafeNest/SafeNest/vendor/laravel/framework/src/Illuminate/Filesystem/Filesystem.php:204)
[stacktrace]
#0 /home/andrew/Desktop/Code/SafeNest/SafeNest/SafeNest/vendor/laravel/framework/src/Illuminate/Foundation/Bootstrap/HandleExceptions.php(255): Illuminate\\Foundation\\Bootstrap\\HandleExceptions->handleError()
#1 [internal function]: Illuminate\\Foundation\\Bootstrap\\HandleExceptions->Illuminate\\Foundation\\Bootstrap\\{closure}()
#2 /home/andrew/Desktop/Code/SafeNest/SafeNest/SafeNest/vendor/laravel/framework/src/Illuminate/Filesystem/Filesystem.php(204): file_put_contents()
#3 /home/andrew/Desktop/Code/SafeNest/SafeNest/SafeNest/vendor/laravel/framework/src/Illuminate/Session/FileSessionHandler.php(90): Illuminate\\Filesystem\\Filesystem->put()
#4 /home/andrew/Desktop/Code/SafeNest/SafeNest/SafeNest/vendor/laravel/framework/src/Illuminate/Session/Store.php(172): Illuminate\\Session\\FileSessionHandler->write()
#5 /home/andrew/Desktop/Code/SafeNest/SafeNest/SafeNest/vendor/laravel/framework/src/Illuminate/Session/Middleware/StartSession.php(245): Illuminate\\Session\\Store->save()
#6 /home/andrew/Desktop/Code/SafeNest/SafeNest/SafeNest/vendor/laravel/framework/src/Illuminate/Session/Middleware/StartSession.php(130): Illuminate\\Session\\Middleware\\StartSession->saveSession()
#7 /home/andrew/Desktop/Code/SafeNest/SafeNest/SafeNest/vendor/laravel/framework/src/Illuminate/Session/Middleware/StartSession.php(64): Illuminate\\Session\\Middleware\\StartSession->handleStatefulRequest()
#8 /home/andrew/Desktop/Code/SafeNest/SafeNest/SafeNest/vendor/laravel/framework/src/Illuminate/Pipeline/Pipeline.php(183): Illuminate\\Session\\Middleware\\StartSession->handle()
#9 /home/andrew/Desktop/Code/SafeNest/SafeNest/SafeNest/vendor/laravel/framework/src/Illuminate/Cookie/Middleware/AddQueuedCookiesToResponse.php(37): Illuminate\\Pipeline\\Pipeline->Illuminate\\Pipeline\\{closure}()
#10 /home/andrew/Desktop/Code/SafeNest/SafeNest/SafeNest/vendor/laravel/framework/src/Illuminate/Pipeline/Pipeline.php(183): Illuminate\\Cookie\\Middleware\\AddQueuedCookiesToResponse->handle()
#11 /home/andrew/Desktop/Code/SafeNest/SafeNest/SafeNest/vendor/laravel/framework/src/Illuminate/Cookie/Middleware/EncryptCookies.php(67): Illuminate\\Pipeline\\Pipeline->Illuminate\\Pipeline\\{closure}()
#12 /home/andrew/Desktop/Code/SafeNest/SafeNest/SafeNest/vendor/laravel/framework/src/Illuminate/Pipeline/Pipeline.php(183): Illuminate\\Cookie\\Middleware\\EncryptCookies->handle()
#13 /home/andrew/Desktop/Code/SafeNest/SafeNest/SafeNest/vendor/laravel/framework/src/Illuminate/Pipeline/Pipeline.php(119): Illuminate\\Pipeline\\Pipeline->Illuminate\\Pipeline\\{closure}()
#14 /home/andrew/Desktop/Code/SafeNest/SafeNest/SafeNest/vendor/laravel/framework/src/Illuminate/Routing/Router.php(805): Illuminate\\Pipeline\\Pipeline->then()
#15 /home/andrew/Desktop/Code/SafeNest/SafeNest/SafeNest/vendor/laravel/framework/src/Illuminate/Routing/Router.php(784): Illuminate\\Routing\\Router->runRouteWithinStack()
#16 /home/andrew/Desktop/Code/SafeNest/SafeNest/SafeNest/vendor/laravel/framework/src/Illuminate/Routing/Router.php(748): Illuminate\\Routing\\Router->runRoute()
#17 /home/andrew/Desktop/Code/SafeNest/SafeNest/SafeNest/vendor/laravel/framework/src/Illuminate/Routing/Router.php(737): Illuminate\\Routing\\Router->dispatchToRoute()
#18 /home/andrew/Desktop/Code/SafeNest/SafeNest/SafeNest/vendor/laravel/framework/src/Illuminate/Foundation/Http/Kernel.php(200): Illuminate\\Routing\\Router->dispatch()
#19 /home/andrew/Desktop/Code/SafeNest/SafeNest/SafeNest/vendor/laravel/framework/src/Illuminate/Pipeline/Pipeline.php(144): Illuminate\\Foundation\\Http\\Kernel->Illuminate\\Foundation\\Http\\{closure}()
#20 /home/andrew/Desktop/Code/SafeNest/SafeNest/SafeNest/vendor/laravel/framework/src/Illuminate/Foundation/Http/Middleware/TransformsRequest.php(21): Illuminate\\Pipeline\\Pipeline->Illuminate\\Pipeline\\{closure}()
#21 /home/andrew/Desktop/Code/SafeNest/SafeNest/SafeNest/vendor/laravel/framework/src/Illuminate/Foundation/Http/Middleware/ConvertEmptyStringsToNull.php(31): Illuminate\\Foundation\\Http\\Middleware\\TransformsRequest->handle()
#22 /home/andrew/Desktop/Code/SafeNest/SafeNest/SafeNest/vendor/laravel/framework/src/Illuminate/Pipeline/Pipeline.php(183): Illuminate\\Foundation\\Http\\Middleware\\ConvertEmptyStringsToNull->handle()
#23 /home/andrew/Desktop/Code/SafeNest/SafeNest/SafeNest/vendor/laravel/framework/src/Illuminate/Foundation/Http/Middleware/TransformsRequest.php(21): Illuminate\\Pipeline\\Pipeline->Illuminate\\Pipeline\\{closure}()
#24 /home/andrew/Desktop/Code/SafeNest/SafeNest/SafeNest/vendor/laravel/framework/src/Illuminate/Foundation/Http/Middleware/TrimStrings.php(40): Illuminate\\Foundation\\Http\\Middleware\\TransformsRequest->handle()
#25 /home/andrew/Desktop/Code/SafeNest/SafeNest/SafeNest/vendor/laravel/framework/src/Illuminate/Pipeline/Pipeline.php(183): Illuminate\\Foundation\\Http\\Middleware\\TrimStrings->handle()
#26 /home/andrew/Desktop/Code/SafeNest/SafeNest/SafeNest/vendor/laravel/framework/src/Illuminate/Foundation/Http/Middleware/ValidatePostSize.php(27): Illuminate\\Pipeline\\Pipeline->Illuminate\\Pipeline\\{closure}()
#27 /home/andrew/Desktop/Code/SafeNest/SafeNest/SafeNest/vendor/laravel/framework/src/Illuminate/Pipeline/Pipeline.php(183): Illuminate\\Foundation\\Http\\Middleware\\ValidatePostSize->handle()
#28 /home/andrew/Desktop/Code/SafeNest/SafeNest/SafeNest/vendor/laravel/framework/src/Illuminate/Foundation/Http/Middleware/PreventRequestsDuringMaintenance.php(99): Illuminate\\Pipeline\\Pipeline->Illuminate\\Pipeline\\{closure}()
#29 /home/andrew/Desktop/Code/SafeNest/SafeNest/SafeNest/vendor/laravel/framework/src/Illuminate/Pipeline/Pipeline.php(183): Illuminate\\Foundation\\Http\\Middleware\\PreventRequestsDuringMaintenance->handle()
#30 /home/andrew/Desktop/Code/SafeNest/SafeNest/SafeNest/vendor/laravel/framework/src/Illuminate/Http/Middleware/HandleCors.php(49): Illuminate\\Pipeline\\Pipeline->Illuminate\\Pipeline\\{closure}()
#31 /home/andrew/Desktop/Code/SafeNest/SafeNest/SafeNest/vendor/laravel/framework/src/Illuminate/Pipeline/Pipeline.php(183): Illuminate\\Http\\Middleware\\HandleCors->handle()
#32 /home/andrew/Desktop/Code/SafeNest/SafeNest/SafeNest/vendor/laravel/framework/src/Illuminate/Http/Middleware/TrustProxies.php(39): Illuminate\\Pipeline\\Pipeline->Illuminate\\Pipeline\\{closure}()
#33 /home/andrew/Desktop/Code/SafeNest/SafeNest/SafeNest/vendor/laravel/framework/src/Illuminate/Pipeline/Pipeline.php(183): Illuminate\\Http\\Middleware\\TrustProxies->handle()
#34 /home/andrew/Desktop/Code/SafeNest/SafeNest/SafeNest/vendor/laravel/framework/src/Illuminate/Pipeline/Pipeline.php(119): Illuminate\\Pipeline\\Pipeline->Illuminate\\Pipeline\\{closure}()
#35 /home/andrew/Desktop/Code/SafeNest/SafeNest/SafeNest/vendor/laravel/framework/src/Illuminate/Foundation/Http/Kernel.php(175): Illuminate\\Pipeline\\Pipeline->then()
#36 /home/andrew/Desktop/Code/SafeNest/SafeNest/SafeNest/vendor/laravel/framework/src/Illuminate/Foundation/Http/Kernel.php(144): Illuminate\\Foundation\\Http\\Kernel->sendRequestThroughRouter()
#37 /home/andrew/Desktop/Code/SafeNest/SafeNest/SafeNest/public/index.php(51): Illuminate\\Foundation\\Http\\Kernel->handle()
#38 /home/andrew/Desktop/Code/SafeNest/SafeNest/SafeNest/vendor/laravel/framework/src/Illuminate/Foundation/resources/server.php(16): require_once('...')
#39 {main}
"} 
[2025-04-18 21:29:51] local.ERROR: View [welcome] not found. {"exception":"[object] (InvalidArgumentException(code: 0): View [welcome] not found. at /home/andrew/Desktop/Code/SafeNest/SafeNest/SafeNest/vendor/laravel/framework/src/Illuminate/View/FileViewFinder.php:137)
[stacktrace]
#0 /home/andrew/Desktop/Code/SafeNest/SafeNest/SafeNest/vendor/laravel/framework/src/Illuminate/View/FileViewFinder.php(79): Illuminate\\View\\FileViewFinder->findInPaths()
#1 /home/andrew/Desktop/Code/SafeNest/SafeNest/SafeNest/vendor/laravel/framework/src/Illuminate/View/Factory.php(137): Illuminate\\View\\FileViewFinder->find()
#2 /home/andrew/Desktop/Code/SafeNest/SafeNest/SafeNest/vendor/laravel/framework/src/Illuminate/Foundation/helpers.php(1020): Illuminate\\View\\Factory->make()
#3 /home/andrew/Desktop/Code/SafeNest/SafeNest/SafeNest/routes/web.php(41): view()
#4 /home/andrew/Desktop/Code/SafeNest/SafeNest/SafeNest/vendor/laravel/framework/src/Illuminate/Routing/CallableDispatcher.php(40): Illuminate\\Routing\\RouteFileRegistrar->{closure}()
#5 /home/andrew/Desktop/Code/SafeNest/SafeNest/SafeNest/vendor/laravel/framework/src/Illuminate/Routing/Route.php(237): Illuminate\\Routing\\CallableDispatcher->dispatch()
#6 /home/andrew/Desktop/Code/SafeNest/SafeNest/SafeNest/vendor/laravel/framework/src/Illuminate/Routing/Route.php(208): Illuminate\\Routing\\Route->runCallable()
#7 /home/andrew/Desktop/Code/SafeNest/SafeNest/SafeNest/vendor/laravel/framework/src/Illuminate/Routing/Router.php(806): Illuminate\\Routing\\Route->run()
#8 /home/andrew/Desktop/Code/SafeNest/SafeNest/SafeNest/vendor/laravel/framework/src/Illuminate/Pipeline/Pipeline.php(144): Illuminate\\Routing\\Router->Illuminate\\Routing\\{closure}()
#9 /home/andrew/Desktop/Code/SafeNest/SafeNest/SafeNest/vendor/laravel/framework/src/Illuminate/Routing/Middleware/SubstituteBindings.php(50): Illuminate\\Pipeline\\Pipeline->Illuminate\\Pipeline\\{closure}()
#10 /home/andrew/Desktop/Code/SafeNest/SafeNest/SafeNest/vendor/laravel/framework/src/Illuminate/Pipeline/Pipeline.php(183): Illuminate\\Routing\\Middleware\\SubstituteBindings->handle()
#11 /home/andrew/Desktop/Code/SafeNest/SafeNest/SafeNest/vendor/laravel/framework/src/Illuminate/Foundation/Http/Middleware/VerifyCsrfToken.php(78): Illuminate\\Pipeline\\Pipeline->Illuminate\\Pipeline\\{closure}()
#12 /home/andrew/Desktop/Code/SafeNest/SafeNest/SafeNest/vendor/laravel/framework/src/Illuminate/Pipeline/Pipeline.php(183): Illuminate\\Foundation\\Http\\Middleware\\VerifyCsrfToken->handle()
#13 /home/andrew/Desktop/Code/SafeNest/SafeNest/SafeNest/vendor/laravel/framework/src/Illuminate/View/Middleware/ShareErrorsFromSession.php(49): Illuminate\\Pipeline\\Pipeline->Illuminate\\Pipeline\\{closure}()
#14 /home/andrew/Desktop/Code/SafeNest/SafeNest/SafeNest/vendor/laravel/framework/src/Illuminate/Pipeline/Pipeline.php(183): Illuminate\\View\\Middleware\\ShareErrorsFromSession->handle()
#15 /home/andrew/Desktop/Code/SafeNest/SafeNest/SafeNest/vendor/laravel/framework/src/Illuminate/Session/Middleware/StartSession.php(121): Illuminate\\Pipeline\\Pipeline->Illuminate\\Pipeline\\{closure}()
#16 /home/andrew/Desktop/Code/SafeNest/SafeNest/SafeNest/vendor/laravel/framework/src/Illuminate/Session/Middleware/StartSession.php(64): Illuminate\\Session\\Middleware\\StartSession->handleStatefulRequest()
#17 /home/andrew/Desktop/Code/SafeNest/SafeNest/SafeNest/vendor/laravel/framework/src/Illuminate/Pipeline/Pipeline.php(183): Illuminate\\Session\\Middleware\\StartSession->handle()
#18 /home/andrew/Desktop/Code/SafeNest/SafeNest/SafeNest/vendor/laravel/framework/src/Illuminate/Cookie/Middleware/AddQueuedCookiesToResponse.php(37): Illuminate\\Pipeline\\Pipeline->Illuminate\\Pipeline\\{closure}()
#19 /home/andrew/Desktop/Code/SafeNest/SafeNest/SafeNest/vendor/laravel/framework/src/Illuminate/Pipeline/Pipeline.php(183): Illuminate\\Cookie\\Middleware\\AddQueuedCookiesToResponse->handle()
#20 /home/andrew/Desktop/Code/SafeNest/SafeNest/SafeNest/vendor/laravel/framework/src/Illuminate/Cookie/Middleware/EncryptCookies.php(67): Illuminate\\Pipeline\\Pipeline->Illuminate\\Pipeline\\{closure}()
#21 /home/andrew/Desktop/Code/SafeNest/SafeNest/SafeNest/vendor/laravel/framework/src/Illuminate/Pipeline/Pipeline.php(183): Illuminate\\Cookie\\Middleware\\EncryptCookies->handle()
#22 /home/andrew/Desktop/Code/SafeNest/SafeNest/SafeNest/vendor/laravel/framework/src/Illuminate/Pipeline/Pipeline.php(119): Illuminate\\Pipeline\\Pipeline->Illuminate\\Pipeline\\{closure}()
#23 /home/andrew/Desktop/Code/SafeNest/SafeNest/SafeNest/vendor/laravel/framework/src/Illuminate/Routing/Router.php(805): Illuminate\\Pipeline\\Pipeline->then()
#24 /home/andrew/Desktop/Code/SafeNest/SafeNest/SafeNest/vendor/laravel/framework/src/Illuminate/Routing/Router.php(784): Illuminate\\Routing\\Router->runRouteWithinStack()
#25 /home/andrew/Desktop/Code/SafeNest/SafeNest/SafeNest/vendor/laravel/framework/src/Illuminate/Routing/Router.php(748): Illuminate\\Routing\\Router->runRoute()
#26 /home/andrew/Desktop/Code/SafeNest/SafeNest/SafeNest/vendor/laravel/framework/src/Illuminate/Routing/Router.php(737): Illuminate\\Routing\\Router->dispatchToRoute()
#27 /home/andrew/Desktop/Code/SafeNest/SafeNest/SafeNest/vendor/laravel/framework/src/Illuminate/Foundation/Http/Kernel.php(200): Illuminate\\Routing\\Router->dispatch()
#28 /home/andrew/Desktop/Code/SafeNest/SafeNest/SafeNest/vendor/laravel/framework/src/Illuminate/Pipeline/Pipeline.php(144): Illuminate\\Foundation\\Http\\Kernel->Illuminate\\Foundation\\Http\\{closure}()
#29 /home/andrew/Desktop/Code/SafeNest/SafeNest/SafeNest/vendor/laravel/framework/src/Illuminate/Foundation/Http/Middleware/TransformsRequest.php(21): Illuminate\\Pipeline\\Pipeline->Illuminate\\Pipeline\\{closure}()
#30 /home/andrew/Desktop/Code/SafeNest/SafeNest/SafeNest/vendor/laravel/framework/src/Illuminate/Foundation/Http/Middleware/ConvertEmptyStringsToNull.php(31): Illuminate\\Foundation\\Http\\Middleware\\TransformsRequest->handle()
#31 /home/andrew/Desktop/Code/SafeNest/SafeNest/SafeNest/vendor/laravel/framework/src/Illuminate/Pipeline/Pipeline.php(183): Illuminate\\Foundation\\Http\\Middleware\\ConvertEmptyStringsToNull->handle()
#32 /home/andrew/Desktop/Code/SafeNest/SafeNest/SafeNest/vendor/laravel/framework/src/Illuminate/Foundation/Http/Middleware/TransformsRequest.php(21): Illuminate\\Pipeline\\Pipeline->Illuminate\\Pipeline\\{closure}()
#33 /home/andrew/Desktop/Code/SafeNest/SafeNest/SafeNest/vendor/laravel/framework/src/Illuminate/Foundation/Http/Middleware/TrimStrings.php(40): Illuminate\\Foundation\\Http\\Middleware\\TransformsRequest->handle()
#34 /home/andrew/Desktop/Code/SafeNest/SafeNest/SafeNest/vendor/laravel/framework/src/Illuminate/Pipeline/Pipeline.php(183): Illuminate\\Foundation\\Http\\Middleware\\TrimStrings->handle()
#35 /home/andrew/Desktop/Code/SafeNest/SafeNest/SafeNest/vendor/laravel/framework/src/Illuminate/Foundation/Http/Middleware/ValidatePostSize.php(27): Illuminate\\Pipeline\\Pipeline->Illuminate\\Pipeline\\{closure}()
#36 /home/andrew/Desktop/Code/SafeNest/SafeNest/SafeNest/vendor/laravel/framework/src/Illuminate/Pipeline/Pipeline.php(183): Illuminate\\Foundation\\Http\\Middleware\\ValidatePostSize->handle()
#37 /home/andrew/Desktop/Code/SafeNest/SafeNest/SafeNest/vendor/laravel/framework/src/Illuminate/Foundation/Http/Middleware/PreventRequestsDuringMaintenance.php(99): Illuminate\\Pipeline\\Pipeline->Illuminate\\Pipeline\\{closure}()
#38 /home/andrew/Desktop/Code/SafeNest/SafeNest/SafeNest/vendor/laravel/framework/src/Illuminate/Pipeline/Pipeline.php(183): Illuminate\\Foundation\\Http\\Middleware\\PreventRequestsDuringMaintenance->handle()
#39 /home/andrew/Desktop/Code/SafeNest/SafeNest/SafeNest/vendor/laravel/framework/src/Illuminate/Http/Middleware/HandleCors.php(49): Illuminate\\Pipeline\\Pipeline->Illuminate\\Pipeline\\{closure}()
#40 /home/andrew/Desktop/Code/SafeNest/SafeNest/SafeNest/vendor/laravel/framework/src/Illuminate/Pipeline/Pipeline.php(183): Illuminate\\Http\\Middleware\\HandleCors->handle()
#41 /home/andrew/Desktop/Code/SafeNest/SafeNest/SafeNest/vendor/laravel/framework/src/Illuminate/Http/Middleware/TrustProxies.php(39): Illuminate\\Pipeline\\Pipeline->Illuminate\\Pipeline\\{closure}()
#42 /home/andrew/Desktop/Code/SafeNest/SafeNest/SafeNest/vendor/laravel/framework/src/Illuminate/Pipeline/Pipeline.php(183): Illuminate\\Http\\Middleware\\TrustProxies->handle()
#43 /home/andrew/Desktop/Code/SafeNest/SafeNest/SafeNest/vendor/laravel/framework/src/Illuminate/Pipeline/Pipeline.php(119): Illuminate\\Pipeline\\Pipeline->Illuminate\\Pipeline\\{closure}()
#44 /home/andrew/Desktop/Code/SafeNest/SafeNest/SafeNest/vendor/laravel/framework/src/Illuminate/Foundation/Http/Kernel.php(175): Illuminate\\Pipeline\\Pipeline->then()
#45 /home/andrew/Desktop/Code/SafeNest/SafeNest/SafeNest/vendor/laravel/framework/src/Illuminate/Foundation/Http/Kernel.php(144): Illuminate\\Foundation\\Http\\Kernel->sendRequestThroughRouter()
#46 /home/andrew/Desktop/Code/SafeNest/SafeNest/SafeNest/public/index.php(51): Illuminate\\Foundation\\Http\\Kernel->handle()
#47 /home/andrew/Desktop/Code/SafeNest/SafeNest/SafeNest/vendor/laravel/framework/src/Illuminate/Foundation/resources/server.php(16): require_once('...')
#48 {main}
"} 
[2025-04-18 21:29:51] local.ERROR: file_put_contents(C:\Cloned\SafeNest\SafeNest\storage\framework/sessions/81BPCYD4PyfYJ86I5QVpszgSQcz4EfkhEBZogzew): Failed to open stream: No such file or directory {"exception":"[object] (ErrorException(code: 0): file_put_contents(C:\\Cloned\\SafeNest\\SafeNest\\storage\\framework/sessions/81BPCYD4PyfYJ86I5QVpszgSQcz4EfkhEBZogzew): Failed to open stream: No such file or directory at /home/andrew/Desktop/Code/SafeNest/SafeNest/SafeNest/vendor/laravel/framework/src/Illuminate/Filesystem/Filesystem.php:204)
[stacktrace]
#0 /home/andrew/Desktop/Code/SafeNest/SafeNest/SafeNest/vendor/laravel/framework/src/Illuminate/Foundation/Bootstrap/HandleExceptions.php(255): Illuminate\\Foundation\\Bootstrap\\HandleExceptions->handleError()
#1 [internal function]: Illuminate\\Foundation\\Bootstrap\\HandleExceptions->Illuminate\\Foundation\\Bootstrap\\{closure}()
#2 /home/andrew/Desktop/Code/SafeNest/SafeNest/SafeNest/vendor/laravel/framework/src/Illuminate/Filesystem/Filesystem.php(204): file_put_contents()
#3 /home/andrew/Desktop/Code/SafeNest/SafeNest/SafeNest/vendor/laravel/framework/src/Illuminate/Session/FileSessionHandler.php(90): Illuminate\\Filesystem\\Filesystem->put()
#4 /home/andrew/Desktop/Code/SafeNest/SafeNest/SafeNest/vendor/laravel/framework/src/Illuminate/Session/Store.php(172): Illuminate\\Session\\FileSessionHandler->write()
#5 /home/andrew/Desktop/Code/SafeNest/SafeNest/SafeNest/vendor/laravel/framework/src/Illuminate/Session/Middleware/StartSession.php(245): Illuminate\\Session\\Store->save()
#6 /home/andrew/Desktop/Code/SafeNest/SafeNest/SafeNest/vendor/laravel/framework/src/Illuminate/Session/Middleware/StartSession.php(130): Illuminate\\Session\\Middleware\\StartSession->saveSession()
#7 /home/andrew/Desktop/Code/SafeNest/SafeNest/SafeNest/vendor/laravel/framework/src/Illuminate/Session/Middleware/StartSession.php(64): Illuminate\\Session\\Middleware\\StartSession->handleStatefulRequest()
#8 /home/andrew/Desktop/Code/SafeNest/SafeNest/SafeNest/vendor/laravel/framework/src/Illuminate/Pipeline/Pipeline.php(183): Illuminate\\Session\\Middleware\\StartSession->handle()
#9 /home/andrew/Desktop/Code/SafeNest/SafeNest/SafeNest/vendor/laravel/framework/src/Illuminate/Cookie/Middleware/AddQueuedCookiesToResponse.php(37): Illuminate\\Pipeline\\Pipeline->Illuminate\\Pipeline\\{closure}()
#10 /home/andrew/Desktop/Code/SafeNest/SafeNest/SafeNest/vendor/laravel/framework/src/Illuminate/Pipeline/Pipeline.php(183): Illuminate\\Cookie\\Middleware\\AddQueuedCookiesToResponse->handle()
#11 /home/andrew/Desktop/Code/SafeNest/SafeNest/SafeNest/vendor/laravel/framework/src/Illuminate/Cookie/Middleware/EncryptCookies.php(67): Illuminate\\Pipeline\\Pipeline->Illuminate\\Pipeline\\{closure}()
#12 /home/andrew/Desktop/Code/SafeNest/SafeNest/SafeNest/vendor/laravel/framework/src/Illuminate/Pipeline/Pipeline.php(183): Illuminate\\Cookie\\Middleware\\EncryptCookies->handle()
#13 /home/andrew/Desktop/Code/SafeNest/SafeNest/SafeNest/vendor/laravel/framework/src/Illuminate/Pipeline/Pipeline.php(119): Illuminate\\Pipeline\\Pipeline->Illuminate\\Pipeline\\{closure}()
#14 /home/andrew/Desktop/Code/SafeNest/SafeNest/SafeNest/vendor/laravel/framework/src/Illuminate/Routing/Router.php(805): Illuminate\\Pipeline\\Pipeline->then()
#15 /home/andrew/Desktop/Code/SafeNest/SafeNest/SafeNest/vendor/laravel/framework/src/Illuminate/Routing/Router.php(784): Illuminate\\Routing\\Router->runRouteWithinStack()
#16 /home/andrew/Desktop/Code/SafeNest/SafeNest/SafeNest/vendor/laravel/framework/src/Illuminate/Routing/Router.php(748): Illuminate\\Routing\\Router->runRoute()
#17 /home/andrew/Desktop/Code/SafeNest/SafeNest/SafeNest/vendor/laravel/framework/src/Illuminate/Routing/Router.php(737): Illuminate\\Routing\\Router->dispatchToRoute()
#18 /home/andrew/Desktop/Code/SafeNest/SafeNest/SafeNest/vendor/laravel/framework/src/Illuminate/Foundation/Http/Kernel.php(200): Illuminate\\Routing\\Router->dispatch()
#19 /home/andrew/Desktop/Code/SafeNest/SafeNest/SafeNest/vendor/laravel/framework/src/Illuminate/Pipeline/Pipeline.php(144): Illuminate\\Foundation\\Http\\Kernel->Illuminate\\Foundation\\Http\\{closure}()
#20 /home/andrew/Desktop/Code/SafeNest/SafeNest/SafeNest/vendor/laravel/framework/src/Illuminate/Foundation/Http/Middleware/TransformsRequest.php(21): Illuminate\\Pipeline\\Pipeline->Illuminate\\Pipeline\\{closure}()
#21 /home/andrew/Desktop/Code/SafeNest/SafeNest/SafeNest/vendor/laravel/framework/src/Illuminate/Foundation/Http/Middleware/ConvertEmptyStringsToNull.php(31): Illuminate\\Foundation\\Http\\Middleware\\TransformsRequest->handle()
#22 /home/andrew/Desktop/Code/SafeNest/SafeNest/SafeNest/vendor/laravel/framework/src/Illuminate/Pipeline/Pipeline.php(183): Illuminate\\Foundation\\Http\\Middleware\\ConvertEmptyStringsToNull->handle()
#23 /home/andrew/Desktop/Code/SafeNest/SafeNest/SafeNest/vendor/laravel/framework/src/Illuminate/Foundation/Http/Middleware/TransformsRequest.php(21): Illuminate\\Pipeline\\Pipeline->Illuminate\\Pipeline\\{closure}()
#24 /home/andrew/Desktop/Code/SafeNest/SafeNest/SafeNest/vendor/laravel/framework/src/Illuminate/Foundation/Http/Middleware/TrimStrings.php(40): Illuminate\\Foundation\\Http\\Middleware\\TransformsRequest->handle()
#25 /home/andrew/Desktop/Code/SafeNest/SafeNest/SafeNest/vendor/laravel/framework/src/Illuminate/Pipeline/Pipeline.php(183): Illuminate\\Foundation\\Http\\Middleware\\TrimStrings->handle()
#26 /home/andrew/Desktop/Code/SafeNest/SafeNest/SafeNest/vendor/laravel/framework/src/Illuminate/Foundation/Http/Middleware/ValidatePostSize.php(27): Illuminate\\Pipeline\\Pipeline->Illuminate\\Pipeline\\{closure}()
#27 /home/andrew/Desktop/Code/SafeNest/SafeNest/SafeNest/vendor/laravel/framework/src/Illuminate/Pipeline/Pipeline.php(183): Illuminate\\Foundation\\Http\\Middleware\\ValidatePostSize->handle()
#28 /home/andrew/Desktop/Code/SafeNest/SafeNest/SafeNest/vendor/laravel/framework/src/Illuminate/Foundation/Http/Middleware/PreventRequestsDuringMaintenance.php(99): Illuminate\\Pipeline\\Pipeline->Illuminate\\Pipeline\\{closure}()
#29 /home/andrew/Desktop/Code/SafeNest/SafeNest/SafeNest/vendor/laravel/framework/src/Illuminate/Pipeline/Pipeline.php(183): Illuminate\\Foundation\\Http\\Middleware\\PreventRequestsDuringMaintenance->handle()
#30 /home/andrew/Desktop/Code/SafeNest/SafeNest/SafeNest/vendor/laravel/framework/src/Illuminate/Http/Middleware/HandleCors.php(49): Illuminate\\Pipeline\\Pipeline->Illuminate\\Pipeline\\{closure}()
#31 /home/andrew/Desktop/Code/SafeNest/SafeNest/SafeNest/vendor/laravel/framework/src/Illuminate/Pipeline/Pipeline.php(183): Illuminate\\Http\\Middleware\\HandleCors->handle()
#32 /home/andrew/Desktop/Code/SafeNest/SafeNest/SafeNest/vendor/laravel/framework/src/Illuminate/Http/Middleware/TrustProxies.php(39): Illuminate\\Pipeline\\Pipeline->Illuminate\\Pipeline\\{closure}()
#33 /home/andrew/Desktop/Code/SafeNest/SafeNest/SafeNest/vendor/laravel/framework/src/Illuminate/Pipeline/Pipeline.php(183): Illuminate\\Http\\Middleware\\TrustProxies->handle()
#34 /home/andrew/Desktop/Code/SafeNest/SafeNest/SafeNest/vendor/laravel/framework/src/Illuminate/Pipeline/Pipeline.php(119): Illuminate\\Pipeline\\Pipeline->Illuminate\\Pipeline\\{closure}()
#35 /home/andrew/Desktop/Code/SafeNest/SafeNest/SafeNest/vendor/laravel/framework/src/Illuminate/Foundation/Http/Kernel.php(175): Illuminate\\Pipeline\\Pipeline->then()
#36 /home/andrew/Desktop/Code/SafeNest/SafeNest/SafeNest/vendor/laravel/framework/src/Illuminate/Foundation/Http/Kernel.php(144): Illuminate\\Foundation\\Http\\Kernel->sendRequestThroughRouter()
#37 /home/andrew/Desktop/Code/SafeNest/SafeNest/SafeNest/public/index.php(51): Illuminate\\Foundation\\Http\\Kernel->handle()
#38 /home/andrew/Desktop/Code/SafeNest/SafeNest/SafeNest/vendor/laravel/framework/src/Illuminate/Foundation/resources/server.php(16): require_once('...')
#39 {main}
"} 
[2025-04-18 21:30:12] local.ERROR: View [welcome] not found. {"exception":"[object] (InvalidArgumentException(code: 0): View [welcome] not found. at /home/andrew/Desktop/Code/SafeNest/SafeNest/SafeNest/vendor/laravel/framework/src/Illuminate/View/FileViewFinder.php:137)
[stacktrace]
#0 /home/andrew/Desktop/Code/SafeNest/SafeNest/SafeNest/vendor/laravel/framework/src/Illuminate/View/FileViewFinder.php(79): Illuminate\\View\\FileViewFinder->findInPaths()
#1 /home/andrew/Desktop/Code/SafeNest/SafeNest/SafeNest/vendor/laravel/framework/src/Illuminate/View/Factory.php(137): Illuminate\\View\\FileViewFinder->find()
#2 /home/andrew/Desktop/Code/SafeNest/SafeNest/SafeNest/vendor/laravel/framework/src/Illuminate/Foundation/helpers.php(1020): Illuminate\\View\\Factory->make()
#3 /home/andrew/Desktop/Code/SafeNest/SafeNest/SafeNest/routes/web.php(41): view()
#4 /home/andrew/Desktop/Code/SafeNest/SafeNest/SafeNest/vendor/laravel/framework/src/Illuminate/Routing/CallableDispatcher.php(40): Illuminate\\Routing\\RouteFileRegistrar->{closure}()
#5 /home/andrew/Desktop/Code/SafeNest/SafeNest/SafeNest/vendor/laravel/framework/src/Illuminate/Routing/Route.php(237): Illuminate\\Routing\\CallableDispatcher->dispatch()
#6 /home/andrew/Desktop/Code/SafeNest/SafeNest/SafeNest/vendor/laravel/framework/src/Illuminate/Routing/Route.php(208): Illuminate\\Routing\\Route->runCallable()
#7 /home/andrew/Desktop/Code/SafeNest/SafeNest/SafeNest/vendor/laravel/framework/src/Illuminate/Routing/Router.php(806): Illuminate\\Routing\\Route->run()
#8 /home/andrew/Desktop/Code/SafeNest/SafeNest/SafeNest/vendor/laravel/framework/src/Illuminate/Pipeline/Pipeline.php(144): Illuminate\\Routing\\Router->Illuminate\\Routing\\{closure}()
#9 /home/andrew/Desktop/Code/SafeNest/SafeNest/SafeNest/vendor/laravel/framework/src/Illuminate/Routing/Middleware/SubstituteBindings.php(50): Illuminate\\Pipeline\\Pipeline->Illuminate\\Pipeline\\{closure}()
#10 /home/andrew/Desktop/Code/SafeNest/SafeNest/SafeNest/vendor/laravel/framework/src/Illuminate/Pipeline/Pipeline.php(183): Illuminate\\Routing\\Middleware\\SubstituteBindings->handle()
#11 /home/andrew/Desktop/Code/SafeNest/SafeNest/SafeNest/vendor/laravel/framework/src/Illuminate/Foundation/Http/Middleware/VerifyCsrfToken.php(78): Illuminate\\Pipeline\\Pipeline->Illuminate\\Pipeline\\{closure}()
#12 /home/andrew/Desktop/Code/SafeNest/SafeNest/SafeNest/vendor/laravel/framework/src/Illuminate/Pipeline/Pipeline.php(183): Illuminate\\Foundation\\Http\\Middleware\\VerifyCsrfToken->handle()
#13 /home/andrew/Desktop/Code/SafeNest/SafeNest/SafeNest/vendor/laravel/framework/src/Illuminate/View/Middleware/ShareErrorsFromSession.php(49): Illuminate\\Pipeline\\Pipeline->Illuminate\\Pipeline\\{closure}()
#14 /home/andrew/Desktop/Code/SafeNest/SafeNest/SafeNest/vendor/laravel/framework/src/Illuminate/Pipeline/Pipeline.php(183): Illuminate\\View\\Middleware\\ShareErrorsFromSession->handle()
#15 /home/andrew/Desktop/Code/SafeNest/SafeNest/SafeNest/vendor/laravel/framework/src/Illuminate/Session/Middleware/StartSession.php(121): Illuminate\\Pipeline\\Pipeline->Illuminate\\Pipeline\\{closure}()
#16 /home/andrew/Desktop/Code/SafeNest/SafeNest/SafeNest/vendor/laravel/framework/src/Illuminate/Session/Middleware/StartSession.php(64): Illuminate\\Session\\Middleware\\StartSession->handleStatefulRequest()
#17 /home/andrew/Desktop/Code/SafeNest/SafeNest/SafeNest/vendor/laravel/framework/src/Illuminate/Pipeline/Pipeline.php(183): Illuminate\\Session\\Middleware\\StartSession->handle()
#18 /home/andrew/Desktop/Code/SafeNest/SafeNest/SafeNest/vendor/laravel/framework/src/Illuminate/Cookie/Middleware/AddQueuedCookiesToResponse.php(37): Illuminate\\Pipeline\\Pipeline->Illuminate\\Pipeline\\{closure}()
#19 /home/andrew/Desktop/Code/SafeNest/SafeNest/SafeNest/vendor/laravel/framework/src/Illuminate/Pipeline/Pipeline.php(183): Illuminate\\Cookie\\Middleware\\AddQueuedCookiesToResponse->handle()
#20 /home/andrew/Desktop/Code/SafeNest/SafeNest/SafeNest/vendor/laravel/framework/src/Illuminate/Cookie/Middleware/EncryptCookies.php(67): Illuminate\\Pipeline\\Pipeline->Illuminate\\Pipeline\\{closure}()
#21 /home/andrew/Desktop/Code/SafeNest/SafeNest/SafeNest/vendor/laravel/framework/src/Illuminate/Pipeline/Pipeline.php(183): Illuminate\\Cookie\\Middleware\\EncryptCookies->handle()
#22 /home/andrew/Desktop/Code/SafeNest/SafeNest/SafeNest/vendor/laravel/framework/src/Illuminate/Pipeline/Pipeline.php(119): Illuminate\\Pipeline\\Pipeline->Illuminate\\Pipeline\\{closure}()
#23 /home/andrew/Desktop/Code/SafeNest/SafeNest/SafeNest/vendor/laravel/framework/src/Illuminate/Routing/Router.php(805): Illuminate\\Pipeline\\Pipeline->then()
#24 /home/andrew/Desktop/Code/SafeNest/SafeNest/SafeNest/vendor/laravel/framework/src/Illuminate/Routing/Router.php(784): Illuminate\\Routing\\Router->runRouteWithinStack()
#25 /home/andrew/Desktop/Code/SafeNest/SafeNest/SafeNest/vendor/laravel/framework/src/Illuminate/Routing/Router.php(748): Illuminate\\Routing\\Router->runRoute()
#26 /home/andrew/Desktop/Code/SafeNest/SafeNest/SafeNest/vendor/laravel/framework/src/Illuminate/Routing/Router.php(737): Illuminate\\Routing\\Router->dispatchToRoute()
#27 /home/andrew/Desktop/Code/SafeNest/SafeNest/SafeNest/vendor/laravel/framework/src/Illuminate/Foundation/Http/Kernel.php(200): Illuminate\\Routing\\Router->dispatch()
#28 /home/andrew/Desktop/Code/SafeNest/SafeNest/SafeNest/vendor/laravel/framework/src/Illuminate/Pipeline/Pipeline.php(144): Illuminate\\Foundation\\Http\\Kernel->Illuminate\\Foundation\\Http\\{closure}()
#29 /home/andrew/Desktop/Code/SafeNest/SafeNest/SafeNest/vendor/laravel/framework/src/Illuminate/Foundation/Http/Middleware/TransformsRequest.php(21): Illuminate\\Pipeline\\Pipeline->Illuminate\\Pipeline\\{closure}()
#30 /home/andrew/Desktop/Code/SafeNest/SafeNest/SafeNest/vendor/laravel/framework/src/Illuminate/Foundation/Http/Middleware/ConvertEmptyStringsToNull.php(31): Illuminate\\Foundation\\Http\\Middleware\\TransformsRequest->handle()
#31 /home/andrew/Desktop/Code/SafeNest/SafeNest/SafeNest/vendor/laravel/framework/src/Illuminate/Pipeline/Pipeline.php(183): Illuminate\\Foundation\\Http\\Middleware\\ConvertEmptyStringsToNull->handle()
#32 /home/andrew/Desktop/Code/SafeNest/SafeNest/SafeNest/vendor/laravel/framework/src/Illuminate/Foundation/Http/Middleware/TransformsRequest.php(21): Illuminate\\Pipeline\\Pipeline->Illuminate\\Pipeline\\{closure}()
#33 /home/andrew/Desktop/Code/SafeNest/SafeNest/SafeNest/vendor/laravel/framework/src/Illuminate/Foundation/Http/Middleware/TrimStrings.php(40): Illuminate\\Foundation\\Http\\Middleware\\TransformsRequest->handle()
#34 /home/andrew/Desktop/Code/SafeNest/SafeNest/SafeNest/vendor/laravel/framework/src/Illuminate/Pipeline/Pipeline.php(183): Illuminate\\Foundation\\Http\\Middleware\\TrimStrings->handle()
#35 /home/andrew/Desktop/Code/SafeNest/SafeNest/SafeNest/vendor/laravel/framework/src/Illuminate/Foundation/Http/Middleware/ValidatePostSize.php(27): Illuminate\\Pipeline\\Pipeline->Illuminate\\Pipeline\\{closure}()
#36 /home/andrew/Desktop/Code/SafeNest/SafeNest/SafeNest/vendor/laravel/framework/src/Illuminate/Pipeline/Pipeline.php(183): Illuminate\\Foundation\\Http\\Middleware\\ValidatePostSize->handle()
#37 /home/andrew/Desktop/Code/SafeNest/SafeNest/SafeNest/vendor/laravel/framework/src/Illuminate/Foundation/Http/Middleware/PreventRequestsDuringMaintenance.php(99): Illuminate\\Pipeline\\Pipeline->Illuminate\\Pipeline\\{closure}()
#38 /home/andrew/Desktop/Code/SafeNest/SafeNest/SafeNest/vendor/laravel/framework/src/Illuminate/Pipeline/Pipeline.php(183): Illuminate\\Foundation\\Http\\Middleware\\PreventRequestsDuringMaintenance->handle()
#39 /home/andrew/Desktop/Code/SafeNest/SafeNest/SafeNest/vendor/laravel/framework/src/Illuminate/Http/Middleware/HandleCors.php(49): Illuminate\\Pipeline\\Pipeline->Illuminate\\Pipeline\\{closure}()
#40 /home/andrew/Desktop/Code/SafeNest/SafeNest/SafeNest/vendor/laravel/framework/src/Illuminate/Pipeline/Pipeline.php(183): Illuminate\\Http\\Middleware\\HandleCors->handle()
#41 /home/andrew/Desktop/Code/SafeNest/SafeNest/SafeNest/vendor/laravel/framework/src/Illuminate/Http/Middleware/TrustProxies.php(39): Illuminate\\Pipeline\\Pipeline->Illuminate\\Pipeline\\{closure}()
#42 /home/andrew/Desktop/Code/SafeNest/SafeNest/SafeNest/vendor/laravel/framework/src/Illuminate/Pipeline/Pipeline.php(183): Illuminate\\Http\\Middleware\\TrustProxies->handle()
#43 /home/andrew/Desktop/Code/SafeNest/SafeNest/SafeNest/vendor/laravel/framework/src/Illuminate/Pipeline/Pipeline.php(119): Illuminate\\Pipeline\\Pipeline->Illuminate\\Pipeline\\{closure}()
#44 /home/andrew/Desktop/Code/SafeNest/SafeNest/SafeNest/vendor/laravel/framework/src/Illuminate/Foundation/Http/Kernel.php(175): Illuminate\\Pipeline\\Pipeline->then()
#45 /home/andrew/Desktop/Code/SafeNest/SafeNest/SafeNest/vendor/laravel/framework/src/Illuminate/Foundation/Http/Kernel.php(144): Illuminate\\Foundation\\Http\\Kernel->sendRequestThroughRouter()
#46 /home/andrew/Desktop/Code/SafeNest/SafeNest/SafeNest/public/index.php(51): Illuminate\\Foundation\\Http\\Kernel->handle()
#47 /home/andrew/Desktop/Code/SafeNest/SafeNest/SafeNest/vendor/laravel/framework/src/Illuminate/Foundation/resources/server.php(16): require_once('...')
#48 {main}
"} 
[2025-04-18 21:30:13] local.ERROR: file_put_contents(C:\Cloned\SafeNest\SafeNest\storage\framework/sessions/xwTF9SrTJ0kEs68NDXIHhNXDRoRayhKSvqsgKnuK): Failed to open stream: No such file or directory {"exception":"[object] (ErrorException(code: 0): file_put_contents(C:\\Cloned\\SafeNest\\SafeNest\\storage\\framework/sessions/xwTF9SrTJ0kEs68NDXIHhNXDRoRayhKSvqsgKnuK): Failed to open stream: No such file or directory at /home/andrew/Desktop/Code/SafeNest/SafeNest/SafeNest/vendor/laravel/framework/src/Illuminate/Filesystem/Filesystem.php:204)
[stacktrace]
#0 /home/andrew/Desktop/Code/SafeNest/SafeNest/SafeNest/vendor/laravel/framework/src/Illuminate/Foundation/Bootstrap/HandleExceptions.php(255): Illuminate\\Foundation\\Bootstrap\\HandleExceptions->handleError()
#1 [internal function]: Illuminate\\Foundation\\Bootstrap\\HandleExceptions->Illuminate\\Foundation\\Bootstrap\\{closure}()
#2 /home/andrew/Desktop/Code/SafeNest/SafeNest/SafeNest/vendor/laravel/framework/src/Illuminate/Filesystem/Filesystem.php(204): file_put_contents()
#3 /home/andrew/Desktop/Code/SafeNest/SafeNest/SafeNest/vendor/laravel/framework/src/Illuminate/Session/FileSessionHandler.php(90): Illuminate\\Filesystem\\Filesystem->put()
#4 /home/andrew/Desktop/Code/SafeNest/SafeNest/SafeNest/vendor/laravel/framework/src/Illuminate/Session/Store.php(172): Illuminate\\Session\\FileSessionHandler->write()
#5 /home/andrew/Desktop/Code/SafeNest/SafeNest/SafeNest/vendor/laravel/framework/src/Illuminate/Session/Middleware/StartSession.php(245): Illuminate\\Session\\Store->save()
#6 /home/andrew/Desktop/Code/SafeNest/SafeNest/SafeNest/vendor/laravel/framework/src/Illuminate/Session/Middleware/StartSession.php(130): Illuminate\\Session\\Middleware\\StartSession->saveSession()
#7 /home/andrew/Desktop/Code/SafeNest/SafeNest/SafeNest/vendor/laravel/framework/src/Illuminate/Session/Middleware/StartSession.php(64): Illuminate\\Session\\Middleware\\StartSession->handleStatefulRequest()
#8 /home/andrew/Desktop/Code/SafeNest/SafeNest/SafeNest/vendor/laravel/framework/src/Illuminate/Pipeline/Pipeline.php(183): Illuminate\\Session\\Middleware\\StartSession->handle()
#9 /home/andrew/Desktop/Code/SafeNest/SafeNest/SafeNest/vendor/laravel/framework/src/Illuminate/Cookie/Middleware/AddQueuedCookiesToResponse.php(37): Illuminate\\Pipeline\\Pipeline->Illuminate\\Pipeline\\{closure}()
#10 /home/andrew/Desktop/Code/SafeNest/SafeNest/SafeNest/vendor/laravel/framework/src/Illuminate/Pipeline/Pipeline.php(183): Illuminate\\Cookie\\Middleware\\AddQueuedCookiesToResponse->handle()
#11 /home/andrew/Desktop/Code/SafeNest/SafeNest/SafeNest/vendor/laravel/framework/src/Illuminate/Cookie/Middleware/EncryptCookies.php(67): Illuminate\\Pipeline\\Pipeline->Illuminate\\Pipeline\\{closure}()
#12 /home/andrew/Desktop/Code/SafeNest/SafeNest/SafeNest/vendor/laravel/framework/src/Illuminate/Pipeline/Pipeline.php(183): Illuminate\\Cookie\\Middleware\\EncryptCookies->handle()
#13 /home/andrew/Desktop/Code/SafeNest/SafeNest/SafeNest/vendor/laravel/framework/src/Illuminate/Pipeline/Pipeline.php(119): Illuminate\\Pipeline\\Pipeline->Illuminate\\Pipeline\\{closure}()
#14 /home/andrew/Desktop/Code/SafeNest/SafeNest/SafeNest/vendor/laravel/framework/src/Illuminate/Routing/Router.php(805): Illuminate\\Pipeline\\Pipeline->then()
#15 /home/andrew/Desktop/Code/SafeNest/SafeNest/SafeNest/vendor/laravel/framework/src/Illuminate/Routing/Router.php(784): Illuminate\\Routing\\Router->runRouteWithinStack()
#16 /home/andrew/Desktop/Code/SafeNest/SafeNest/SafeNest/vendor/laravel/framework/src/Illuminate/Routing/Router.php(748): Illuminate\\Routing\\Router->runRoute()
#17 /home/andrew/Desktop/Code/SafeNest/SafeNest/SafeNest/vendor/laravel/framework/src/Illuminate/Routing/Router.php(737): Illuminate\\Routing\\Router->dispatchToRoute()
#18 /home/andrew/Desktop/Code/SafeNest/SafeNest/SafeNest/vendor/laravel/framework/src/Illuminate/Foundation/Http/Kernel.php(200): Illuminate\\Routing\\Router->dispatch()
#19 /home/andrew/Desktop/Code/SafeNest/SafeNest/SafeNest/vendor/laravel/framework/src/Illuminate/Pipeline/Pipeline.php(144): Illuminate\\Foundation\\Http\\Kernel->Illuminate\\Foundation\\Http\\{closure}()
#20 /home/andrew/Desktop/Code/SafeNest/SafeNest/SafeNest/vendor/laravel/framework/src/Illuminate/Foundation/Http/Middleware/TransformsRequest.php(21): Illuminate\\Pipeline\\Pipeline->Illuminate\\Pipeline\\{closure}()
#21 /home/andrew/Desktop/Code/SafeNest/SafeNest/SafeNest/vendor/laravel/framework/src/Illuminate/Foundation/Http/Middleware/ConvertEmptyStringsToNull.php(31): Illuminate\\Foundation\\Http\\Middleware\\TransformsRequest->handle()
#22 /home/andrew/Desktop/Code/SafeNest/SafeNest/SafeNest/vendor/laravel/framework/src/Illuminate/Pipeline/Pipeline.php(183): Illuminate\\Foundation\\Http\\Middleware\\ConvertEmptyStringsToNull->handle()
#23 /home/andrew/Desktop/Code/SafeNest/SafeNest/SafeNest/vendor/laravel/framework/src/Illuminate/Foundation/Http/Middleware/TransformsRequest.php(21): Illuminate\\Pipeline\\Pipeline->Illuminate\\Pipeline\\{closure}()
#24 /home/andrew/Desktop/Code/SafeNest/SafeNest/SafeNest/vendor/laravel/framework/src/Illuminate/Foundation/Http/Middleware/TrimStrings.php(40): Illuminate\\Foundation\\Http\\Middleware\\TransformsRequest->handle()
#25 /home/andrew/Desktop/Code/SafeNest/SafeNest/SafeNest/vendor/laravel/framework/src/Illuminate/Pipeline/Pipeline.php(183): Illuminate\\Foundation\\Http\\Middleware\\TrimStrings->handle()
#26 /home/andrew/Desktop/Code/SafeNest/SafeNest/SafeNest/vendor/laravel/framework/src/Illuminate/Foundation/Http/Middleware/ValidatePostSize.php(27): Illuminate\\Pipeline\\Pipeline->Illuminate\\Pipeline\\{closure}()
#27 /home/andrew/Desktop/Code/SafeNest/SafeNest/SafeNest/vendor/laravel/framework/src/Illuminate/Pipeline/Pipeline.php(183): Illuminate\\Foundation\\Http\\Middleware\\ValidatePostSize->handle()
#28 /home/andrew/Desktop/Code/SafeNest/SafeNest/SafeNest/vendor/laravel/framework/src/Illuminate/Foundation/Http/Middleware/PreventRequestsDuringMaintenance.php(99): Illuminate\\Pipeline\\Pipeline->Illuminate\\Pipeline\\{closure}()
#29 /home/andrew/Desktop/Code/SafeNest/SafeNest/SafeNest/vendor/laravel/framework/src/Illuminate/Pipeline/Pipeline.php(183): Illuminate\\Foundation\\Http\\Middleware\\PreventRequestsDuringMaintenance->handle()
#30 /home/andrew/Desktop/Code/SafeNest/SafeNest/SafeNest/vendor/laravel/framework/src/Illuminate/Http/Middleware/HandleCors.php(49): Illuminate\\Pipeline\\Pipeline->Illuminate\\Pipeline\\{closure}()
#31 /home/andrew/Desktop/Code/SafeNest/SafeNest/SafeNest/vendor/laravel/framework/src/Illuminate/Pipeline/Pipeline.php(183): Illuminate\\Http\\Middleware\\HandleCors->handle()
#32 /home/andrew/Desktop/Code/SafeNest/SafeNest/SafeNest/vendor/laravel/framework/src/Illuminate/Http/Middleware/TrustProxies.php(39): Illuminate\\Pipeline\\Pipeline->Illuminate\\Pipeline\\{closure}()
#33 /home/andrew/Desktop/Code/SafeNest/SafeNest/SafeNest/vendor/laravel/framework/src/Illuminate/Pipeline/Pipeline.php(183): Illuminate\\Http\\Middleware\\TrustProxies->handle()
#34 /home/andrew/Desktop/Code/SafeNest/SafeNest/SafeNest/vendor/laravel/framework/src/Illuminate/Pipeline/Pipeline.php(119): Illuminate\\Pipeline\\Pipeline->Illuminate\\Pipeline\\{closure}()
#35 /home/andrew/Desktop/Code/SafeNest/SafeNest/SafeNest/vendor/laravel/framework/src/Illuminate/Foundation/Http/Kernel.php(175): Illuminate\\Pipeline\\Pipeline->then()
#36 /home/andrew/Desktop/Code/SafeNest/SafeNest/SafeNest/vendor/laravel/framework/src/Illuminate/Foundation/Http/Kernel.php(144): Illuminate\\Foundation\\Http\\Kernel->sendRequestThroughRouter()
#37 /home/andrew/Desktop/Code/SafeNest/SafeNest/SafeNest/public/index.php(51): Illuminate\\Foundation\\Http\\Kernel->handle()
#38 /home/andrew/Desktop/Code/SafeNest/SafeNest/SafeNest/vendor/laravel/framework/src/Illuminate/Foundation/resources/server.php(16): require_once('...')
#39 {main}
"} 
